{"meta": {"format": 3, "version": "7.11.0", "timestamp": "2025-10-16T00:57:20.054597", "branch_coverage": true, "show_contexts": false}, "files": {"browser/__init__.py": {"executed_lines": [1], "summary": {"covered_lines": 0, "num_statements": 0, "percent_covered": 100.0, "percent_covered_display": "100", "missing_lines": 0, "excluded_lines": 0, "num_branches": 0, "num_partial_branches": 0, "covered_branches": 0, "missing_branches": 0}, "missing_lines": [], "excluded_lines": [], "executed_branches": [], "missing_branches": [], "functions": {"": {"executed_lines": [], "summary": {"covered_lines": 0, "num_statements": 0, "percent_covered": 100.0, "percent_covered_display": "100", "missing_lines": 0, "excluded_lines": 0, "num_branches": 0, "num_partial_branches": 0, "covered_branches": 0, "missing_branches": 0}, "missing_lines": [], "excluded_lines": [], "executed_branches": [], "missing_branches": []}}, "classes": {"": {"executed_lines": [], "summary": {"covered_lines": 0, "num_statements": 0, "percent_covered": 100.0, "percent_covered_display": "100", "missing_lines": 0, "excluded_lines": 0, "num_branches": 0, "num_partial_branches": 0, "covered_branches": 0, "missing_branches": 0}, "missing_lines": [], "excluded_lines": [], "executed_branches": [], "missing_branches": []}}}, "browser/async_cdp.py": {"executed_lines": [1, 2, 3, 4, 5, 6, 7, 9, 12, 13, 21, 33, 59, 88, 117, 138, 160, 176, 203, 262], "summary": {"covered_lines": 18, "num_statements": 72, "percent_covered": 22.5, "percent_covered_display": "22", "missing_lines": 54, "excluded_lines": 0, "num_branches": 8, "num_partial_branches": 0, "covered_branches": 0, "missing_branches": 8}, "missing_lines": [28, 29, 30, 31, 51, 74, 75, 77, 78, 81, 103, 104, 106, 107, 110, 131, 136, 154, 155, 156, 158, 174, 194, 198, 199, 201, 218, 220, 222, 223, 225, 228, 229, 231, 232, 233, 235, 236, 237, 238, 240, 241, 242, 246, 248, 249, 250, 255, 257, 258, 259, 260, 264, 265], "excluded_lines": [], "executed_branches": [], "missing_branches": [[77, 78], [77, 81], [106, 107], [106, 110], [155, 156], [155, 158], [198, 199], [198, 201]], "functions": {"AsyncCDP.__init__": {"executed_lines": [], "summary": {"covered_lines": 0, "num_statements": 4, "percent_covered": 0.0, "percent_covered_display": "0", "missing_lines": 4, "excluded_lines": 0, "num_branches": 0, "num_partial_branches": 0, "covered_branches": 0, "missing_branches": 0}, "missing_lines": [28, 29, 30, 31], "excluded_lines": [], "executed_branches": [], "missing_branches": []}, "AsyncCDP.evaluate": {"executed_lines": [], "summary": {"covered_lines": 0, "num_statements": 1, "percent_covered": 0.0, "percent_covered_display": "0", "missing_lines": 1, "excluded_lines": 0, "num_branches": 0, "num_partial_branches": 0, "covered_branches": 0, "missing_branches": 0}, "missing_lines": [51], "excluded_lines": [], "executed_branches": [], "missing_branches": []}, "AsyncCDP.query_selector": {"executed_lines": [], "summary": {"covered_lines": 0, "num_statements": 5, "percent_covered": 0.0, "percent_covered_display": "0", "missing_lines": 5, "excluded_lines": 0, "num_branches": 2, "num_partial_branches": 0, "covered_branches": 0, "missing_branches": 2}, "missing_lines": [74, 75, 77, 78, 81], "excluded_lines": [], "executed_branches": [], "missing_branches": [[77, 78], [77, 81]]}, "AsyncCDP.query_selector_all": {"executed_lines": [], "summary": {"covered_lines": 0, "num_statements": 5, "percent_covered": 0.0, "percent_covered_display": "0", "missing_lines": 5, "excluded_lines": 0, "num_branches": 2, "num_partial_branches": 0, "covered_branches": 0, "missing_branches": 2}, "missing_lines": [103, 104, 106, 107, 110], "excluded_lines": [], "executed_branches": [], "missing_branches": [[106, 107], [106, 110]]}, "AsyncCDP.get_outer_html": {"executed_lines": [], "summary": {"covered_lines": 0, "num_statements": 2, "percent_covered": 0.0, "percent_covered_display": "0", "missing_lines": 2, "excluded_lines": 0, "num_branches": 0, "num_partial_branches": 0, "covered_branches": 0, "missing_branches": 0}, "missing_lines": [131, 136], "excluded_lines": [], "executed_branches": [], "missing_branches": []}, "AsyncCDP.capture_screenshot": {"executed_lines": [], "summary": {"covered_lines": 0, "num_statements": 4, "percent_covered": 0.0, "percent_covered_display": "0", "missing_lines": 4, "excluded_lines": 0, "num_branches": 2, "num_partial_branches": 0, "covered_branches": 0, "missing_branches": 2}, "missing_lines": [154, 155, 156, 158], "excluded_lines": [], "executed_branches": [], "missing_branches": [[155, 156], [155, 158]]}, "AsyncCDP.navigate": {"executed_lines": [], "summary": {"covered_lines": 0, "num_statements": 1, "percent_covered": 0.0, "percent_covered_display": "0", "missing_lines": 1, "excluded_lines": 0, "num_branches": 0, "num_partial_branches": 0, "covered_branches": 0, "missing_branches": 0}, "missing_lines": [174], "excluded_lines": [], "executed_branches": [], "missing_branches": []}, "AsyncCDP.call_function_on": {"executed_lines": [], "summary": {"covered_lines": 0, "num_statements": 4, "percent_covered": 0.0, "percent_covered_display": "0", "missing_lines": 4, "excluded_lines": 0, "num_branches": 2, "num_partial_branches": 0, "covered_branches": 0, "missing_branches": 2}, "missing_lines": [194, 198, 199, 201], "excluded_lines": [], "executed_branches": [], "missing_branches": [[198, 199], [198, 201]]}, "AsyncCDP._call_cdp": {"executed_lines": [], "summary": {"covered_lines": 0, "num_statements": 14, "percent_covered": 0.0, "percent_covered_display": "0", "missing_lines": 14, "excluded_lines": 0, "num_branches": 0, "num_partial_branches": 0, "covered_branches": 0, "missing_branches": 0}, "missing_lines": [218, 220, 240, 241, 242, 246, 248, 249, 250, 255, 257, 258, 259, 260], "excluded_lines": [], "executed_branches": [], "missing_branches": []}, "AsyncCDP._call_cdp._sync_call": {"executed_lines": [], "summary": {"covered_lines": 0, "num_statements": 12, "percent_covered": 0.0, "percent_covered_display": "0", "missing_lines": 12, "excluded_lines": 0, "num_branches": 0, "num_partial_branches": 0, "covered_branches": 0, "missing_branches": 0}, "missing_lines": [222, 223, 225, 228, 229, 231, 232, 233, 235, 236, 237, 238], "excluded_lines": [], "executed_branches": [], "missing_branches": []}, "AsyncCDP.close": {"executed_lines": [], "summary": {"covered_lines": 0, "num_statements": 2, "percent_covered": 0.0, "percent_covered_display": "0", "missing_lines": 2, "excluded_lines": 0, "num_branches": 0, "num_partial_branches": 0, "covered_branches": 0, "missing_branches": 0}, "missing_lines": [264, 265], "excluded_lines": [], "executed_branches": [], "missing_branches": []}, "": {"executed_lines": [1, 2, 3, 4, 5, 6, 7, 9, 12, 13, 21, 33, 59, 88, 117, 138, 160, 176, 203, 262], "summary": {"covered_lines": 18, "num_statements": 18, "percent_covered": 100.0, "percent_covered_display": "100", "missing_lines": 0, "excluded_lines": 0, "num_branches": 0, "num_partial_branches": 0, "covered_branches": 0, "missing_branches": 0}, "missing_lines": [], "excluded_lines": [], "executed_branches": [], "missing_branches": []}}, "classes": {"AsyncCDP": {"executed_lines": [], "summary": {"covered_lines": 0, "num_statements": 54, "percent_covered": 0.0, "percent_covered_display": "0", "missing_lines": 54, "excluded_lines": 0, "num_branches": 8, "num_partial_branches": 0, "covered_branches": 0, "missing_branches": 8}, "missing_lines": [28, 29, 30, 31, 51, 74, 75, 77, 78, 81, 103, 104, 106, 107, 110, 131, 136, 154, 155, 156, 158, 174, 194, 198, 199, 201, 218, 220, 222, 223, 225, 228, 229, 231, 232, 233, 235, 236, 237, 238, 240, 241, 242, 246, 248, 249, 250, 255, 257, 258, 259, 260, 264, 265], "excluded_lines": [], "executed_branches": [], "missing_branches": [[77, 78], [77, 81], [106, 107], [106, 110], [155, 156], [155, 158], [198, 199], [198, 201]]}, "": {"executed_lines": [1, 2, 3, 4, 5, 6, 7, 9, 12, 13, 21, 33, 59, 88, 117, 138, 160, 176, 203, 262], "summary": {"covered_lines": 18, "num_statements": 18, "percent_covered": 100.0, "percent_covered_display": "100", "missing_lines": 0, "excluded_lines": 0, "num_branches": 0, "num_partial_branches": 0, "covered_branches": 0, "missing_branches": 0}, "missing_lines": [], "excluded_lines": [], "executed_branches": [], "missing_branches": []}}}, "browser/connection.py": {"executed_lines": [], "summary": {"covered_lines": 0, "num_statements": 256, "percent_covered": 0.0, "percent_covered_display": "0", "missing_lines": 256, "excluded_lines": 0, "num_branches": 62, "num_partial_branches": 0, "covered_branches": 0, "missing_branches": 62}, "missing_lines": [2, 3, 4, 5, 6, 7, 8, 9, 10, 12, 16, 17, 19, 22, 24, 26, 28, 29, 30, 31, 34, 35, 36, 40, 41, 42, 44, 47, 48, 50, 51, 54, 56, 58, 61, 62, 63, 64, 65, 66, 69, 70, 72, 73, 78, 79, 81, 83, 84, 87, 90, 98, 100, 101, 102, 105, 106, 109, 110, 111, 112, 113, 114, 115, 116, 118, 120, 121, 122, 123, 124, 125, 128, 129, 130, 132, 134, 136, 137, 139, 140, 141, 143, 144, 145, 146, 147, 148, 151, 152, 153, 155, 156, 157, 159, 161, 163, 164, 165, 167, 169, 172, 175, 176, 177, 178, 179, 180, 183, 184, 185, 186, 187, 188, 190, 193, 196, 199, 200, 203, 204, 208, 209, 210, 211, 212, 213, 214, 217, 218, 219, 221, 222, 224, 225, 227, 228, 234, 236, 238, 239, 242, 245, 248, 253, 258, 259, 264, 266, 268, 270, 281, 282, 283, 284, 285, 286, 287, 288, 290, 291, 292, 294, 295, 296, 299, 302, 304, 305, 306, 307, 310, 311, 312, 313, 314, 315, 316, 317, 318, 319, 320, 322, 324, 326, 333, 334, 335, 338, 341, 343, 344, 345, 346, 347, 349, 359, 360, 361, 363, 365, 367, 368, 399, 400, 401, 402, 403, 405, 407, 409, 410, 412, 415, 416, 418, 420, 421, 422, 423, 425, 426, 431, 432, 433, 436, 437, 438, 439, 440, 441, 442, 444, 446, 447, 448, 449, 451, 453, 455, 457, 459, 460, 461, 462, 463, 464, 465, 466, 467, 470, 471, 473, 474, 475, 476], "excluded_lines": [], "executed_branches": [], "missing_branches": [[28, 29], [28, 34], [29, 28], [29, 30], [61, 62], [61, 81], [64, 65], [64, 81], [69, 70], [69, 81], [70, 69], [70, 72], [78, 69], [78, 79], [98, 100], [98, 105], [109, 110], [109, 120], [112, 113], [112, 120], [113, 112], [113, 114], [136, 137], [136, 151], [167, 169], [167, 172], [208, 209], [208, 217], [281, 282], [281, 294], [284, 285], [284, 291], [285, 286], [285, 287], [287, 288], [287, 290], [291, 292], [291, 294], [311, 312], [311, 326], [312, 313], [312, 314], [314, 315], [314, 316], [316, 317], [316, 318], [318, 319], [318, 324], [319, 320], [319, 322], [409, 410], [409, 453], [415, 409], [415, 416], [420, 409], [420, 421], [459, 460], [459, 470], [470, 471], [470, 473], [473, -455], [473, 474]], "functions": {"_create_connection_no_proxy": {"executed_lines": [], "summary": {"covered_lines": 0, "num_statements": 16, "percent_covered": 0.0, "percent_covered_display": "0", "missing_lines": 16, "excluded_lines": 0, "num_branches": 4, "num_partial_branches": 0, "covered_branches": 0, "missing_branches": 4}, "missing_lines": [22, 24, 26, 28, 29, 30, 31, 34, 35, 36, 40, 41, 42, 44, 47, 48], "excluded_lines": [], "executed_branches": [], "missing_branches": [[28, 29], [28, 34], [29, 28], [29, 30]]}, "_list_tab_with_url_rewrite": {"executed_lines": [], "summary": {"covered_lines": 0, "num_statements": 14, "percent_covered": 0.0, "percent_covered_display": "0", "missing_lines": 14, "excluded_lines": 0, "num_branches": 10, "num_partial_branches": 0, "covered_branches": 0, "missing_branches": 10}, "missing_lines": [58, 61, 62, 63, 64, 65, 66, 69, 70, 72, 73, 78, 79, 81], "excluded_lines": [], "executed_branches": [], "missing_branches": [[61, 62], [61, 81], [64, 65], [64, 81], [69, 70], [69, 81], [70, 69], [70, 72], [78, 69], [78, 79]]}, "BrowserConnection.__init__": {"executed_lines": [], "summary": {"covered_lines": 0, "num_statements": 24, "percent_covered": 0.0, "percent_covered_display": "0", "missing_lines": 24, "excluded_lines": 0, "num_branches": 8, "num_partial_branches": 0, "covered_branches": 0, "missing_branches": 8}, "missing_lines": [98, 100, 101, 102, 105, 106, 109, 110, 111, 112, 113, 114, 115, 116, 118, 120, 121, 122, 123, 124, 125, 128, 129, 130], "excluded_lines": [], "executed_branches": [], "missing_branches": [[98, 100], [98, 105], [109, 110], [109, 120], [112, 113], [112, 120], [113, 112], [113, 114]]}, "BrowserConnection.ensure_connected": {"executed_lines": [], "summary": {"covered_lines": 0, "num_statements": 18, "percent_covered": 0.0, "percent_covered_display": "0", "missing_lines": 18, "excluded_lines": 0, "num_branches": 2, "num_partial_branches": 0, "covered_branches": 0, "missing_branches": 2}, "missing_lines": [134, 136, 137, 139, 140, 141, 143, 144, 145, 146, 147, 148, 151, 152, 153, 155, 156, 157], "excluded_lines": [], "executed_branches": [], "missing_branches": [[136, 137], [136, 151]]}, "BrowserConnection.connect": {"executed_lines": [], "summary": {"covered_lines": 0, "num_statements": 42, "percent_covered": 0.0, "percent_covered_display": "0", "missing_lines": 42, "excluded_lines": 0, "num_branches": 4, "num_partial_branches": 0, "covered_branches": 0, "missing_branches": 4}, "missing_lines": [161, 163, 164, 165, 167, 169, 172, 175, 176, 177, 178, 179, 180, 183, 184, 185, 186, 187, 188, 190, 193, 196, 199, 200, 203, 204, 208, 209, 210, 211, 212, 213, 214, 217, 218, 219, 221, 222, 224, 225, 227, 228], "excluded_lines": [], "executed_branches": [], "missing_branches": [[167, 169], [167, 172], [208, 209], [208, 217]]}, "BrowserConnection.force_enable_console_logging": {"executed_lines": [], "summary": {"covered_lines": 0, "num_statements": 9, "percent_covered": 0.0, "percent_covered_display": "0", "missing_lines": 9, "excluded_lines": 0, "num_branches": 0, "num_partial_branches": 0, "covered_branches": 0, "missing_branches": 0}, "missing_lines": [236, 238, 239, 242, 245, 248, 253, 258, 259], "excluded_lines": [], "executed_branches": [], "missing_branches": []}, "BrowserConnection._setup_console_listeners": {"executed_lines": [], "summary": {"covered_lines": 0, "num_statements": 6, "percent_covered": 0.0, "percent_covered_display": "0", "missing_lines": 6, "excluded_lines": 0, "num_branches": 0, "num_partial_branches": 0, "covered_branches": 0, "missing_branches": 0}, "missing_lines": [266, 299, 302, 338, 341, 363], "excluded_lines": [], "executed_branches": [], "missing_branches": []}, "BrowserConnection._setup_console_listeners.console_message_handler": {"executed_lines": [], "summary": {"covered_lines": 0, "num_statements": 16, "percent_covered": 0.0, "percent_covered_display": "0", "missing_lines": 16, "excluded_lines": 0, "num_branches": 10, "num_partial_branches": 0, "covered_branches": 0, "missing_branches": 10}, "missing_lines": [268, 270, 281, 282, 283, 284, 285, 286, 287, 288, 290, 291, 292, 294, 295, 296], "excluded_lines": [], "executed_branches": [], "missing_branches": [[281, 282], [281, 294], [284, 285], [284, 291], [285, 286], [285, 287], [287, 288], [287, 290], [291, 292], [291, 294]]}, "BrowserConnection._setup_console_listeners.console_api_handler": {"executed_lines": [], "summary": {"covered_lines": 0, "num_statements": 21, "percent_covered": 0.0, "percent_covered_display": "0", "missing_lines": 21, "excluded_lines": 0, "num_branches": 12, "num_partial_branches": 0, "covered_branches": 0, "missing_branches": 12}, "missing_lines": [304, 305, 306, 307, 310, 311, 312, 313, 314, 315, 316, 317, 318, 319, 320, 322, 324, 326, 333, 334, 335], "excluded_lines": [], "executed_branches": [], "missing_branches": [[311, 312], [311, 326], [312, 313], [312, 314], [314, 315], [314, 316], [316, 317], [316, 318], [318, 319], [318, 324], [319, 320], [319, 322]]}, "BrowserConnection._setup_console_listeners.exception_handler": {"executed_lines": [], "summary": {"covered_lines": 0, "num_statements": 9, "percent_covered": 0.0, "percent_covered_display": "0", "missing_lines": 9, "excluded_lines": 0, "num_branches": 0, "num_partial_branches": 0, "covered_branches": 0, "missing_branches": 0}, "missing_lines": [343, 344, 345, 346, 347, 349, 359, 360, 361], "excluded_lines": [], "executed_branches": [], "missing_branches": []}, "BrowserConnection._initialize_js_console_interceptor": {"executed_lines": [], "summary": {"covered_lines": 0, "num_statements": 7, "percent_covered": 0.0, "percent_covered_display": "0", "missing_lines": 7, "excluded_lines": 0, "num_branches": 0, "num_partial_branches": 0, "covered_branches": 0, "missing_branches": 0}, "missing_lines": [367, 368, 399, 400, 401, 402, 403], "excluded_lines": [], "executed_branches": [], "missing_branches": []}, "BrowserConnection._health_check_loop": {"executed_lines": [], "summary": {"covered_lines": 0, "num_statements": 30, "percent_covered": 0.0, "percent_covered_display": "0", "missing_lines": 30, "excluded_lines": 0, "num_branches": 6, "num_partial_branches": 0, "covered_branches": 0, "missing_branches": 6}, "missing_lines": [407, 409, 410, 412, 415, 416, 418, 420, 421, 422, 423, 425, 426, 431, 432, 433, 436, 437, 438, 439, 440, 441, 442, 444, 446, 447, 448, 449, 451, 453], "excluded_lines": [], "executed_branches": [], "missing_branches": [[409, 410], [409, 453], [415, 409], [415, 416], [420, 409], [420, 421]]}, "BrowserConnection.close": {"executed_lines": [], "summary": {"covered_lines": 0, "num_statements": 16, "percent_covered": 0.0, "percent_covered_display": "0", "missing_lines": 16, "excluded_lines": 0, "num_branches": 6, "num_partial_branches": 0, "covered_branches": 0, "missing_branches": 6}, "missing_lines": [457, 459, 460, 461, 462, 463, 464, 465, 466, 467, 470, 471, 473, 474, 475, 476], "excluded_lines": [], "executed_branches": [], "missing_branches": [[459, 460], [459, 470], [470, 471], [470, 473], [473, -455], [473, 474]]}, "": {"executed_lines": [], "summary": {"covered_lines": 0, "num_statements": 28, "percent_covered": 0.0, "percent_covered_display": "0", "missing_lines": 28, "excluded_lines": 0, "num_branches": 0, "num_partial_branches": 0, "covered_branches": 0, "missing_branches": 0}, "missing_lines": [2, 3, 4, 5, 6, 7, 8, 9, 10, 12, 16, 17, 19, 50, 51, 54, 56, 83, 84, 87, 90, 132, 159, 234, 264, 365, 405, 455], "excluded_lines": [], "executed_branches": [], "missing_branches": []}}, "classes": {"BrowserConnection": {"executed_lines": [], "summary": {"covered_lines": 0, "num_statements": 198, "percent_covered": 0.0, "percent_covered_display": "0", "missing_lines": 198, "excluded_lines": 0, "num_branches": 48, "num_partial_branches": 0, "covered_branches": 0, "missing_branches": 48}, "missing_lines": [98, 100, 101, 102, 105, 106, 109, 110, 111, 112, 113, 114, 115, 116, 118, 120, 121, 122, 123, 124, 125, 128, 129, 130, 134, 136, 137, 139, 140, 141, 143, 144, 145, 146, 147, 148, 151, 152, 153, 155, 156, 157, 161, 163, 164, 165, 167, 169, 172, 175, 176, 177, 178, 179, 180, 183, 184, 185, 186, 187, 188, 190, 193, 196, 199, 200, 203, 204, 208, 209, 210, 211, 212, 213, 214, 217, 218, 219, 221, 222, 224, 225, 227, 228, 236, 238, 239, 242, 245, 248, 253, 258, 259, 266, 268, 270, 281, 282, 283, 284, 285, 286, 287, 288, 290, 291, 292, 294, 295, 296, 299, 302, 304, 305, 306, 307, 310, 311, 312, 313, 314, 315, 316, 317, 318, 319, 320, 322, 324, 326, 333, 334, 335, 338, 341, 343, 344, 345, 346, 347, 349, 359, 360, 361, 363, 367, 368, 399, 400, 401, 402, 403, 407, 409, 410, 412, 415, 416, 418, 420, 421, 422, 423, 425, 426, 431, 432, 433, 436, 437, 438, 439, 440, 441, 442, 444, 446, 447, 448, 449, 451, 453, 457, 459, 460, 461, 462, 463, 464, 465, 466, 467, 470, 471, 473, 474, 475, 476], "excluded_lines": [], "executed_branches": [], "missing_branches": [[98, 100], [98, 105], [109, 110], [109, 120], [112, 113], [112, 120], [113, 112], [113, 114], [136, 137], [136, 151], [167, 169], [167, 172], [208, 209], [208, 217], [281, 282], [281, 294], [284, 285], [284, 291], [285, 286], [285, 287], [287, 288], [287, 290], [291, 292], [291, 294], [311, 312], [311, 326], [312, 313], [312, 314], [314, 315], [314, 316], [316, 317], [316, 318], [318, 319], [318, 324], [319, 320], [319, 322], [409, 410], [409, 453], [415, 409], [415, 416], [420, 409], [420, 421], [459, 460], [459, 470], [470, 471], [470, 473], [473, -455], [473, 474]]}, "": {"executed_lines": [], "summary": {"covered_lines": 0, "num_statements": 58, "percent_covered": 0.0, "percent_covered_display": "0", "missing_lines": 58, "excluded_lines": 0, "num_branches": 14, "num_partial_branches": 0, "covered_branches": 0, "missing_branches": 14}, "missing_lines": [2, 3, 4, 5, 6, 7, 8, 9, 10, 12, 16, 17, 19, 22, 24, 26, 28, 29, 30, 31, 34, 35, 36, 40, 41, 42, 44, 47, 48, 50, 51, 54, 56, 58, 61, 62, 63, 64, 65, 66, 69, 70, 72, 73, 78, 79, 81, 83, 84, 87, 90, 132, 159, 234, 264, 365, 405, 455], "excluded_lines": [], "executed_branches": [], "missing_branches": [[28, 29], [28, 34], [29, 28], [29, 30], [61, 62], [61, 81], [64, 65], [64, 81], [69, 70], [69, 81], [70, 69], [70, 72], [78, 69], [78, 79]]}}}, "browser/cursor.py": {"executed_lines": [], "summary": {"covered_lines": 0, "num_statements": 33, "percent_covered": 0.0, "percent_covered_display": "0", "missing_lines": 33, "excluded_lines": 0, "num_branches": 2, "num_partial_branches": 0, "covered_branches": 0, "missing_branches": 2}, "missing_lines": [2, 3, 4, 6, 9, 12, 18, 19, 21, 23, 24, 90, 91, 92, 93, 94, 95, 97, 99, 100, 102, 103, 113, 114, 115, 116, 118, 120, 121, 130, 131, 132, 133], "excluded_lines": [], "executed_branches": [], "missing_branches": [[99, 100], [99, 102]], "functions": {"AICursor.__init__": {"executed_lines": [], "summary": {"covered_lines": 0, "num_statements": 2, "percent_covered": 0.0, "percent_covered_display": "0", "missing_lines": 2, "excluded_lines": 0, "num_branches": 0, "num_partial_branches": 0, "covered_branches": 0, "missing_branches": 0}, "missing_lines": [18, 19], "excluded_lines": [], "executed_branches": [], "missing_branches": []}, "AICursor.initialize": {"executed_lines": [], "summary": {"covered_lines": 0, "num_statements": 8, "percent_covered": 0.0, "percent_covered_display": "0", "missing_lines": 8, "excluded_lines": 0, "num_branches": 0, "num_partial_branches": 0, "covered_branches": 0, "missing_branches": 0}, "missing_lines": [23, 24, 90, 91, 92, 93, 94, 95], "excluded_lines": [], "executed_branches": [], "missing_branches": []}, "AICursor.move": {"executed_lines": [], "summary": {"covered_lines": 0, "num_statements": 8, "percent_covered": 0.0, "percent_covered_display": "0", "missing_lines": 8, "excluded_lines": 0, "num_branches": 2, "num_partial_branches": 0, "covered_branches": 0, "missing_branches": 2}, "missing_lines": [99, 100, 102, 103, 113, 114, 115, 116], "excluded_lines": [], "executed_branches": [], "missing_branches": [[99, 100], [99, 102]]}, "AICursor.click_animation": {"executed_lines": [], "summary": {"covered_lines": 0, "num_statements": 6, "percent_covered": 0.0, "percent_covered_display": "0", "missing_lines": 6, "excluded_lines": 0, "num_branches": 0, "num_partial_branches": 0, "covered_branches": 0, "missing_branches": 0}, "missing_lines": [120, 121, 130, 131, 132, 133], "excluded_lines": [], "executed_branches": [], "missing_branches": []}, "": {"executed_lines": [], "summary": {"covered_lines": 0, "num_statements": 9, "percent_covered": 0.0, "percent_covered_display": "0", "missing_lines": 9, "excluded_lines": 0, "num_branches": 0, "num_partial_branches": 0, "covered_branches": 0, "missing_branches": 0}, "missing_lines": [2, 3, 4, 6, 9, 12, 21, 97, 118], "excluded_lines": [], "executed_branches": [], "missing_branches": []}}, "classes": {"AICursor": {"executed_lines": [], "summary": {"covered_lines": 0, "num_statements": 24, "percent_covered": 0.0, "percent_covered_display": "0", "missing_lines": 24, "excluded_lines": 0, "num_branches": 2, "num_partial_branches": 0, "covered_branches": 0, "missing_branches": 2}, "missing_lines": [18, 19, 23, 24, 90, 91, 92, 93, 94, 95, 99, 100, 102, 103, 113, 114, 115, 116, 120, 121, 130, 131, 132, 133], "excluded_lines": [], "executed_branches": [], "missing_branches": [[99, 100], [99, 102]]}, "": {"executed_lines": [], "summary": {"covered_lines": 0, "num_statements": 9, "percent_covered": 0.0, "percent_covered_display": "0", "missing_lines": 9, "excluded_lines": 0, "num_branches": 0, "num_partial_branches": 0, "covered_branches": 0, "missing_branches": 0}, "missing_lines": [2, 3, 4, 6, 9, 12, 21, 97, 118], "excluded_lines": [], "executed_branches": [], "missing_branches": []}}}, "commands/__init__.py": {"executed_lines": [1], "summary": {"covered_lines": 0, "num_statements": 0, "percent_covered": 100.0, "percent_covered_display": "100", "missing_lines": 0, "excluded_lines": 0, "num_branches": 0, "num_partial_branches": 0, "covered_branches": 0, "missing_branches": 0}, "missing_lines": [], "excluded_lines": [], "executed_branches": [], "missing_branches": [], "functions": {"": {"executed_lines": [], "summary": {"covered_lines": 0, "num_statements": 0, "percent_covered": 100.0, "percent_covered_display": "100", "missing_lines": 0, "excluded_lines": 0, "num_branches": 0, "num_partial_branches": 0, "covered_branches": 0, "missing_branches": 0}, "missing_lines": [], "excluded_lines": [], "executed_branches": [], "missing_branches": []}}, "classes": {"": {"executed_lines": [], "summary": {"covered_lines": 0, "num_statements": 0, "percent_covered": 100.0, "percent_covered_display": "100", "missing_lines": 0, "excluded_lines": 0, "num_branches": 0, "num_partial_branches": 0, "covered_branches": 0, "missing_branches": 0}, "missing_lines": [], "excluded_lines": [], "executed_branches": [], "missing_branches": []}}}, "commands/base.py": {"executed_lines": [1, 2, 3, 4, 7, 8, 24, 25, 26, 29, 30, 31, 32, 33, 35, 42, 50, 51, 52, 55, 56, 57, 58, 60, 61, 69, 70, 76], "summary": {"covered_lines": 24, "num_statements": 24, "percent_covered": 100.0, "percent_covered_display": "100", "missing_lines": 0, "excluded_lines": 8, "num_branches": 0, "num_partial_branches": 0, "covered_branches": 0, "missing_branches": 0}, "missing_lines": [], "excluded_lines": [60, 61, 62, 63, 64, 65, 66, 67], "executed_branches": [], "missing_branches": [], "functions": {"Command.__init__": {"executed_lines": [42, 50, 51, 52, 55, 56, 57, 58], "summary": {"covered_lines": 8, "num_statements": 8, "percent_covered": 100.0, "percent_covered_display": "100", "missing_lines": 0, "excluded_lines": 0, "num_branches": 0, "num_partial_branches": 0, "covered_branches": 0, "missing_branches": 0}, "missing_lines": [], "excluded_lines": [], "executed_branches": [], "missing_branches": []}, "Command.execute": {"executed_lines": [], "summary": {"covered_lines": 0, "num_statements": 0, "percent_covered": 100.0, "percent_covered_display": "100", "missing_lines": 0, "excluded_lines": 6, "num_branches": 0, "num_partial_branches": 0, "covered_branches": 0, "missing_branches": 0}, "missing_lines": [], "excluded_lines": [62, 63, 64, 65, 66, 67], "executed_branches": [], "missing_branches": []}, "Command.to_mcp_tool": {"executed_lines": [76], "summary": {"covered_lines": 1, "num_statements": 1, "percent_covered": 100.0, "percent_covered_display": "100", "missing_lines": 0, "excluded_lines": 0, "num_branches": 0, "num_partial_branches": 0, "covered_branches": 0, "missing_branches": 0}, "missing_lines": [], "excluded_lines": [], "executed_branches": [], "missing_branches": []}, "": {"executed_lines": [1, 2, 3, 4, 7, 8, 24, 25, 26, 29, 30, 31, 32, 33, 35, 60, 61, 69, 70], "summary": {"covered_lines": 15, "num_statements": 15, "percent_covered": 100.0, "percent_covered_display": "100", "missing_lines": 0, "excluded_lines": 2, "num_branches": 0, "num_partial_branches": 0, "covered_branches": 0, "missing_branches": 0}, "missing_lines": [], "excluded_lines": [60, 61], "executed_branches": [], "missing_branches": []}}, "classes": {"Command": {"executed_lines": [42, 50, 51, 52, 55, 56, 57, 58, 76], "summary": {"covered_lines": 9, "num_statements": 9, "percent_covered": 100.0, "percent_covered_display": "100", "missing_lines": 0, "excluded_lines": 6, "num_branches": 0, "num_partial_branches": 0, "covered_branches": 0, "missing_branches": 0}, "missing_lines": [], "excluded_lines": [62, 63, 64, 65, 66, 67], "executed_branches": [], "missing_branches": []}, "": {"executed_lines": [1, 2, 3, 4, 7, 8, 24, 25, 26, 29, 30, 31, 32, 33, 35, 60, 61, 69, 70], "summary": {"covered_lines": 15, "num_statements": 15, "percent_covered": 100.0, "percent_covered_display": "100", "missing_lines": 0, "excluded_lines": 2, "num_branches": 0, "num_partial_branches": 0, "covered_branches": 0, "missing_branches": 0}, "missing_lines": [], "excluded_lines": [60, 61], "executed_branches": [], "missing_branches": []}}}, "commands/context.py": {"executed_lines": [1, 8, 9, 10, 13, 14, 15, 27, 28, 29, 30, 31, 32, 34, 55, 56, 58, 59, 61, 62, 64, 65, 67, 68, 70, 72, 73, 74, 76, 78, 79, 80, 82, 84, 85, 86, 88, 90, 91, 92, 94, 96, 97, 98], "summary": {"covered_lines": 42, "num_statements": 42, "percent_covered": 100.0, "percent_covered_display": "100", "missing_lines": 0, "excluded_lines": 0, "num_branches": 20, "num_partial_branches": 0, "covered_branches": 20, "missing_branches": 0}, "missing_lines": [], "excluded_lines": [], "executed_branches": [[55, 56], [55, 58], [58, 59], [58, 61], [61, 62], [61, 64], [64, 65], [64, 67], [67, -34], [67, 68], [72, 73], [72, 74], [78, 79], [78, 80], [84, 85], [84, 86], [90, 91], [90, 92], [96, 97], [96, 98]], "missing_branches": [], "functions": {"CommandContext.validate_requirements": {"executed_lines": [55, 56, 58, 59, 61, 62, 64, 65, 67, 68], "summary": {"covered_lines": 10, "num_statements": 10, "percent_covered": 100.0, "percent_covered_display": "100", "missing_lines": 0, "excluded_lines": 0, "num_branches": 10, "num_partial_branches": 0, "covered_branches": 10, "missing_branches": 0}, "missing_lines": [], "excluded_lines": [], "executed_branches": [[55, 56], [55, 58], [58, 59], [58, 61], [61, 62], [61, 64], [64, 65], [64, 67], [67, -34], [67, 68]], "missing_branches": []}, "CommandContext.get_cursor": {"executed_lines": [72, 73, 74], "summary": {"covered_lines": 3, "num_statements": 3, "percent_covered": 100.0, "percent_covered_display": "100", "missing_lines": 0, "excluded_lines": 0, "num_branches": 2, "num_partial_branches": 0, "covered_branches": 2, "missing_branches": 0}, "missing_lines": [], "excluded_lines": [], "executed_branches": [[72, 73], [72, 74]], "missing_branches": []}, "CommandContext.get_browser": {"executed_lines": [78, 79, 80], "summary": {"covered_lines": 3, "num_statements": 3, "percent_covered": 100.0, "percent_covered_display": "100", "missing_lines": 0, "excluded_lines": 0, "num_branches": 2, "num_partial_branches": 0, "covered_branches": 2, "missing_branches": 0}, "missing_lines": [], "excluded_lines": [], "executed_branches": [[78, 79], [78, 80]], "missing_branches": []}, "CommandContext.get_console_logs": {"executed_lines": [84, 85, 86], "summary": {"covered_lines": 3, "num_statements": 3, "percent_covered": 100.0, "percent_covered_display": "100", "missing_lines": 0, "excluded_lines": 0, "num_branches": 2, "num_partial_branches": 0, "covered_branches": 2, "missing_branches": 0}, "missing_lines": [], "excluded_lines": [], "executed_branches": [[84, 85], [84, 86]], "missing_branches": []}, "CommandContext.get_connection": {"executed_lines": [90, 91, 92], "summary": {"covered_lines": 3, "num_statements": 3, "percent_covered": 100.0, "percent_covered_display": "100", "missing_lines": 0, "excluded_lines": 0, "num_branches": 2, "num_partial_branches": 0, "covered_branches": 2, "missing_branches": 0}, "missing_lines": [], "excluded_lines": [], "executed_branches": [[90, 91], [90, 92]], "missing_branches": []}, "CommandContext.get_cdp": {"executed_lines": [96, 97, 98], "summary": {"covered_lines": 3, "num_statements": 3, "percent_covered": 100.0, "percent_covered_display": "100", "missing_lines": 0, "excluded_lines": 0, "num_branches": 2, "num_partial_branches": 0, "covered_branches": 2, "missing_branches": 0}, "missing_lines": [], "excluded_lines": [], "executed_branches": [[96, 97], [96, 98]], "missing_branches": []}, "": {"executed_lines": [1, 8, 9, 10, 13, 14, 15, 27, 28, 29, 30, 31, 32, 34, 70, 76, 82, 88, 94], "summary": {"covered_lines": 17, "num_statements": 17, "percent_covered": 100.0, "percent_covered_display": "100", "missing_lines": 0, "excluded_lines": 0, "num_branches": 0, "num_partial_branches": 0, "covered_branches": 0, "missing_branches": 0}, "missing_lines": [], "excluded_lines": [], "executed_branches": [], "missing_branches": []}}, "classes": {"CommandContext": {"executed_lines": [55, 56, 58, 59, 61, 62, 64, 65, 67, 68, 72, 73, 74, 78, 79, 80, 84, 85, 86, 90, 91, 92, 96, 97, 98], "summary": {"covered_lines": 25, "num_statements": 25, "percent_covered": 100.0, "percent_covered_display": "100", "missing_lines": 0, "excluded_lines": 0, "num_branches": 20, "num_partial_branches": 0, "covered_branches": 20, "missing_branches": 0}, "missing_lines": [], "excluded_lines": [], "executed_branches": [[55, 56], [55, 58], [58, 59], [58, 61], [61, 62], [61, 64], [64, 65], [64, 67], [67, -34], [67, 68], [72, 73], [72, 74], [78, 79], [78, 80], [84, 85], [84, 86], [90, 91], [90, 92], [96, 97], [96, 98]], "missing_branches": []}, "": {"executed_lines": [1, 8, 9, 10, 13, 14, 15, 27, 28, 29, 30, 31, 32, 34, 70, 76, 82, 88, 94], "summary": {"covered_lines": 17, "num_statements": 17, "percent_covered": 100.0, "percent_covered_display": "100", "missing_lines": 0, "excluded_lines": 0, "num_branches": 0, "num_partial_branches": 0, "covered_branches": 0, "missing_branches": 0}, "missing_lines": [], "excluded_lines": [], "executed_branches": [], "missing_branches": []}}}, "commands/devtools.py": {"executed_lines": [1, 2, 3, 4, 7, 8, 9, 11, 12, 13, 18, 20, 21, 38, 39, 44, 45, 48, 49, 50, 52, 53, 54, 59, 61, 62, 76, 77, 78, 79, 82, 83, 84, 86, 87, 88, 96, 98, 101, 107, 108, 109, 110, 111, 117, 118, 119, 121, 122, 123, 124, 125, 126, 127, 134, 135, 136, 138, 139, 141, 155, 161, 162, 168, 169, 171, 174, 175, 176, 178, 179, 183, 190, 192, 194, 195, 197, 199, 257, 258, 261, 262, 263, 264, 266, 278, 279, 286, 287, 288, 290, 291, 292, 300, 302, 305, 307, 368, 369, 371, 372, 377, 389, 390, 397, 398, 399, 401, 402, 403, 408, 410, 411, 434, 435, 437, 443, 444], "summary": {"covered_lines": 111, "num_statements": 111, "percent_covered": 100.0, "percent_covered_display": "100", "missing_lines": 0, "excluded_lines": 0, "num_branches": 12, "num_partial_branches": 0, "covered_branches": 12, "missing_branches": 0}, "missing_lines": [], "excluded_lines": [], "executed_branches": [[107, 108], [107, 117], [121, 122], [121, 123], [123, 124], [123, 125], [125, 126], [125, 134], [138, 139], [138, 171], [371, 372], [371, 377]], "missing_branches": [], "functions": {"OpenDevtoolsCommand.execute": {"executed_lines": [20, 21, 38, 39, 44, 45], "summary": {"covered_lines": 6, "num_statements": 6, "percent_covered": 100.0, "percent_covered_display": "100", "missing_lines": 0, "excluded_lines": 0, "num_branches": 0, "num_partial_branches": 0, "covered_branches": 0, "missing_branches": 0}, "missing_lines": [], "excluded_lines": [], "executed_branches": [], "missing_branches": []}, "CloseDevtoolsCommand.execute": {"executed_lines": [61, 62, 76, 77, 78, 79], "summary": {"covered_lines": 6, "num_statements": 6, "percent_covered": 100.0, "percent_covered_display": "100", "missing_lines": 0, "excluded_lines": 0, "num_branches": 0, "num_partial_branches": 0, "covered_branches": 0, "missing_branches": 0}, "missing_lines": [], "excluded_lines": [], "executed_branches": [], "missing_branches": []}, "ConsoleCommandCommand.execute": {"executed_lines": [98, 101, 107, 108, 109, 110, 111, 117, 118, 119, 121, 122, 123, 124, 125, 126, 127, 134, 135, 136, 138, 139, 141, 155, 161, 162, 168, 169, 171], "summary": {"covered_lines": 29, "num_statements": 29, "percent_covered": 100.0, "percent_covered_display": "100", "missing_lines": 0, "excluded_lines": 0, "num_branches": 10, "num_partial_branches": 0, "covered_branches": 10, "missing_branches": 0}, "missing_lines": [], "excluded_lines": [], "executed_branches": [[107, 108], [107, 117], [121, 122], [121, 123], [123, 124], [123, 125], [125, 126], [125, 134], [138, 139], [138, 171]], "missing_branches": []}, "GetConsoleLogsCommand.execute": {"executed_lines": [194, 195, 197, 199, 257, 258, 261, 262, 263, 264, 266, 278, 279], "summary": {"covered_lines": 13, "num_statements": 13, "percent_covered": 100.0, "percent_covered_display": "100", "missing_lines": 0, "excluded_lines": 0, "num_branches": 0, "num_partial_branches": 0, "covered_branches": 0, "missing_branches": 0}, "missing_lines": [], "excluded_lines": [], "executed_branches": [], "missing_branches": []}, "InspectElementCommand.execute": {"executed_lines": [302, 305, 307, 368, 369, 371, 372, 377, 389, 390], "summary": {"covered_lines": 10, "num_statements": 10, "percent_covered": 100.0, "percent_covered_display": "100", "missing_lines": 0, "excluded_lines": 0, "num_branches": 2, "num_partial_branches": 0, "covered_branches": 2, "missing_branches": 0}, "missing_lines": [], "excluded_lines": [], "executed_branches": [[371, 372], [371, 377]], "missing_branches": []}, "GetNetworkActivityCommand.execute": {"executed_lines": [410, 411, 434, 435, 437, 443, 444], "summary": {"covered_lines": 7, "num_statements": 7, "percent_covered": 100.0, "percent_covered_display": "100", "missing_lines": 0, "excluded_lines": 0, "num_branches": 0, "num_partial_branches": 0, "covered_branches": 0, "missing_branches": 0}, "missing_lines": [], "excluded_lines": [], "executed_branches": [], "missing_branches": []}, "": {"executed_lines": [1, 2, 3, 4, 7, 8, 9, 11, 12, 13, 18, 48, 49, 50, 52, 53, 54, 59, 82, 83, 84, 86, 87, 88, 96, 174, 175, 176, 178, 179, 183, 190, 192, 286, 287, 288, 290, 291, 292, 300, 397, 398, 399, 401, 402, 403, 408], "summary": {"covered_lines": 40, "num_statements": 40, "percent_covered": 100.0, "percent_covered_display": "100", "missing_lines": 0, "excluded_lines": 0, "num_branches": 0, "num_partial_branches": 0, "covered_branches": 0, "missing_branches": 0}, "missing_lines": [], "excluded_lines": [], "executed_branches": [], "missing_branches": []}}, "classes": {"OpenDevtoolsCommand": {"executed_lines": [20, 21, 38, 39, 44, 45], "summary": {"covered_lines": 6, "num_statements": 6, "percent_covered": 100.0, "percent_covered_display": "100", "missing_lines": 0, "excluded_lines": 0, "num_branches": 0, "num_partial_branches": 0, "covered_branches": 0, "missing_branches": 0}, "missing_lines": [], "excluded_lines": [], "executed_branches": [], "missing_branches": []}, "CloseDevtoolsCommand": {"executed_lines": [61, 62, 76, 77, 78, 79], "summary": {"covered_lines": 6, "num_statements": 6, "percent_covered": 100.0, "percent_covered_display": "100", "missing_lines": 0, "excluded_lines": 0, "num_branches": 0, "num_partial_branches": 0, "covered_branches": 0, "missing_branches": 0}, "missing_lines": [], "excluded_lines": [], "executed_branches": [], "missing_branches": []}, "ConsoleCommandCommand": {"executed_lines": [98, 101, 107, 108, 109, 110, 111, 117, 118, 119, 121, 122, 123, 124, 125, 126, 127, 134, 135, 136, 138, 139, 141, 155, 161, 162, 168, 169, 171], "summary": {"covered_lines": 29, "num_statements": 29, "percent_covered": 100.0, "percent_covered_display": "100", "missing_lines": 0, "excluded_lines": 0, "num_branches": 10, "num_partial_branches": 0, "covered_branches": 10, "missing_branches": 0}, "missing_lines": [], "excluded_lines": [], "executed_branches": [[107, 108], [107, 117], [121, 122], [121, 123], [123, 124], [123, 125], [125, 126], [125, 134], [138, 139], [138, 171]], "missing_branches": []}, "GetConsoleLogsCommand": {"executed_lines": [194, 195, 197, 199, 257, 258, 261, 262, 263, 264, 266, 278, 279], "summary": {"covered_lines": 13, "num_statements": 13, "percent_covered": 100.0, "percent_covered_display": "100", "missing_lines": 0, "excluded_lines": 0, "num_branches": 0, "num_partial_branches": 0, "covered_branches": 0, "missing_branches": 0}, "missing_lines": [], "excluded_lines": [], "executed_branches": [], "missing_branches": []}, "InspectElementCommand": {"executed_lines": [302, 305, 307, 368, 369, 371, 372, 377, 389, 390], "summary": {"covered_lines": 10, "num_statements": 10, "percent_covered": 100.0, "percent_covered_display": "100", "missing_lines": 0, "excluded_lines": 0, "num_branches": 2, "num_partial_branches": 0, "covered_branches": 2, "missing_branches": 0}, "missing_lines": [], "excluded_lines": [], "executed_branches": [[371, 372], [371, 377]], "missing_branches": []}, "GetNetworkActivityCommand": {"executed_lines": [410, 411, 434, 435, 437, 443, 444], "summary": {"covered_lines": 7, "num_statements": 7, "percent_covered": 100.0, "percent_covered_display": "100", "missing_lines": 0, "excluded_lines": 0, "num_branches": 0, "num_partial_branches": 0, "covered_branches": 0, "missing_branches": 0}, "missing_lines": [], "excluded_lines": [], "executed_branches": [], "missing_branches": []}, "": {"executed_lines": [1, 2, 3, 4, 7, 8, 9, 11, 12, 13, 18, 48, 49, 50, 52, 53, 54, 59, 82, 83, 84, 86, 87, 88, 96, 174, 175, 176, 178, 179, 183, 190, 192, 286, 287, 288, 290, 291, 292, 300, 397, 398, 399, 401, 402, 403, 408], "summary": {"covered_lines": 40, "num_statements": 40, "percent_covered": 100.0, "percent_covered_display": "100", "missing_lines": 0, "excluded_lines": 0, "num_branches": 0, "num_partial_branches": 0, "covered_branches": 0, "missing_branches": 0}, "missing_lines": [], "excluded_lines": [], "executed_branches": [], "missing_branches": []}}}, "commands/devtools_report.py": {"executed_lines": [1, 2, 3, 4, 7, 8, 9, 11, 12, 16, 23, 25, 27, 30], "summary": {"covered_lines": 12, "num_statements": 12, "percent_covered": 100.0, "percent_covered_display": "100", "missing_lines": 0, "excluded_lines": 0, "num_branches": 0, "num_partial_branches": 0, "covered_branches": 0, "missing_branches": 0}, "missing_lines": [], "excluded_lines": [], "executed_branches": [], "missing_branches": [], "functions": {"DevToolsReportCommand.execute": {"executed_lines": [27, 30], "summary": {"covered_lines": 2, "num_statements": 2, "percent_covered": 100.0, "percent_covered_display": "100", "missing_lines": 0, "excluded_lines": 0, "num_branches": 0, "num_partial_branches": 0, "covered_branches": 0, "missing_branches": 0}, "missing_lines": [], "excluded_lines": [], "executed_branches": [], "missing_branches": []}, "": {"executed_lines": [1, 2, 3, 4, 7, 8, 9, 11, 12, 16, 23, 25], "summary": {"covered_lines": 10, "num_statements": 10, "percent_covered": 100.0, "percent_covered_display": "100", "missing_lines": 0, "excluded_lines": 0, "num_branches": 0, "num_partial_branches": 0, "covered_branches": 0, "missing_branches": 0}, "missing_lines": [], "excluded_lines": [], "executed_branches": [], "missing_branches": []}}, "classes": {"DevToolsReportCommand": {"executed_lines": [27, 30], "summary": {"covered_lines": 2, "num_statements": 2, "percent_covered": 100.0, "percent_covered_display": "100", "missing_lines": 0, "excluded_lines": 0, "num_branches": 0, "num_partial_branches": 0, "covered_branches": 0, "missing_branches": 0}, "missing_lines": [], "excluded_lines": [], "executed_branches": [], "missing_branches": []}, "": {"executed_lines": [1, 2, 3, 4, 7, 8, 9, 11, 12, 16, 23, 25], "summary": {"covered_lines": 10, "num_statements": 10, "percent_covered": 100.0, "percent_covered_display": "100", "missing_lines": 0, "excluded_lines": 0, "num_branches": 0, "num_partial_branches": 0, "covered_branches": 0, "missing_branches": 0}, "missing_lines": [], "excluded_lines": [], "executed_branches": [], "missing_branches": []}}}, "commands/diagnostics.py": {"executed_lines": [1, 2, 3, 4, 7, 8, 9, 11, 12, 13, 18, 20, 22, 23, 26, 27, 30, 31, 32, 34, 35, 36, 41, 43, 44, 79, 80, 82, 86, 87, 94, 95, 96, 98, 99, 100, 108, 110, 111, 113, 170, 171, 172, 173], "summary": {"covered_lines": 40, "num_statements": 41, "percent_covered": 95.34883720930233, "percent_covered_display": "95", "missing_lines": 1, "excluded_lines": 0, "num_branches": 2, "num_partial_branches": 1, "covered_branches": 1, "missing_branches": 1}, "missing_lines": [24], "excluded_lines": [], "executed_branches": [[23, 26]], "missing_branches": [[23, 24]], "functions": {"EnableConsoleLoggingCommand.execute": {"executed_lines": [22, 23, 26, 27], "summary": {"covered_lines": 4, "num_statements": 5, "percent_covered": 71.42857142857143, "percent_covered_display": "71", "missing_lines": 1, "excluded_lines": 0, "num_branches": 2, "num_partial_branches": 1, "covered_branches": 1, "missing_branches": 1}, "missing_lines": [24], "excluded_lines": [], "executed_branches": [[23, 26]], "missing_branches": [[23, 24]]}, "DiagnosePageCommand.execute": {"executed_lines": [43, 44, 79, 80, 82, 86, 87], "summary": {"covered_lines": 7, "num_statements": 7, "percent_covered": 100.0, "percent_covered_display": "100", "missing_lines": 0, "excluded_lines": 0, "num_branches": 0, "num_partial_branches": 0, "covered_branches": 0, "missing_branches": 0}, "missing_lines": [], "excluded_lines": [], "executed_branches": [], "missing_branches": []}, "GetClickableElementsCommand.execute": {"executed_lines": [110, 111, 113, 170, 171, 172, 173], "summary": {"covered_lines": 7, "num_statements": 7, "percent_covered": 100.0, "percent_covered_display": "100", "missing_lines": 0, "excluded_lines": 0, "num_branches": 0, "num_partial_branches": 0, "covered_branches": 0, "missing_branches": 0}, "missing_lines": [], "excluded_lines": [], "executed_branches": [], "missing_branches": []}, "": {"executed_lines": [1, 2, 3, 4, 7, 8, 9, 11, 12, 13, 18, 20, 30, 31, 32, 34, 35, 36, 41, 94, 95, 96, 98, 99, 100, 108], "summary": {"covered_lines": 22, "num_statements": 22, "percent_covered": 100.0, "percent_covered_display": "100", "missing_lines": 0, "excluded_lines": 0, "num_branches": 0, "num_partial_branches": 0, "covered_branches": 0, "missing_branches": 0}, "missing_lines": [], "excluded_lines": [], "executed_branches": [], "missing_branches": []}}, "classes": {"EnableConsoleLoggingCommand": {"executed_lines": [22, 23, 26, 27], "summary": {"covered_lines": 4, "num_statements": 5, "percent_covered": 71.42857142857143, "percent_covered_display": "71", "missing_lines": 1, "excluded_lines": 0, "num_branches": 2, "num_partial_branches": 1, "covered_branches": 1, "missing_branches": 1}, "missing_lines": [24], "excluded_lines": [], "executed_branches": [[23, 26]], "missing_branches": [[23, 24]]}, "DiagnosePageCommand": {"executed_lines": [43, 44, 79, 80, 82, 86, 87], "summary": {"covered_lines": 7, "num_statements": 7, "percent_covered": 100.0, "percent_covered_display": "100", "missing_lines": 0, "excluded_lines": 0, "num_branches": 0, "num_partial_branches": 0, "covered_branches": 0, "missing_branches": 0}, "missing_lines": [], "excluded_lines": [], "executed_branches": [], "missing_branches": []}, "GetClickableElementsCommand": {"executed_lines": [110, 111, 113, 170, 171, 172, 173], "summary": {"covered_lines": 7, "num_statements": 7, "percent_covered": 100.0, "percent_covered_display": "100", "missing_lines": 0, "excluded_lines": 0, "num_branches": 0, "num_partial_branches": 0, "covered_branches": 0, "missing_branches": 0}, "missing_lines": [], "excluded_lines": [], "executed_branches": [], "missing_branches": []}, "": {"executed_lines": [1, 2, 3, 4, 7, 8, 9, 11, 12, 13, 18, 20, 30, 31, 32, 34, 35, 36, 41, 94, 95, 96, 98, 99, 100, 108], "summary": {"covered_lines": 22, "num_statements": 22, "percent_covered": 100.0, "percent_covered_display": "100", "missing_lines": 0, "excluded_lines": 0, "num_branches": 0, "num_partial_branches": 0, "covered_branches": 0, "missing_branches": 0}, "missing_lines": [], "excluded_lines": [], "executed_branches": [], "missing_branches": []}}}, "commands/evaluation.py": {"executed_lines": [1, 2, 3, 4, 5, 6, 7, 9, 12, 13, 14, 16, 17, 31, 52, 54, 57, 58, 61, 64, 72, 73, 75, 76, 79, 80, 81, 84, 87, 88, 89, 92, 98, 99, 100, 102, 104, 105, 107, 108, 109, 116, 120, 122, 195, 197, 216, 218, 219, 226, 228, 230, 232, 234, 238, 240, 242, 243, 245, 246, 250, 251, 256, 258, 260, 262, 275, 277, 279, 280, 290, 291, 292, 294, 296, 308, 309, 310], "summary": {"covered_lines": 76, "num_statements": 78, "percent_covered": 97.91666666666667, "percent_covered_display": "98", "missing_lines": 2, "excluded_lines": 0, "num_branches": 18, "num_partial_branches": 0, "covered_branches": 18, "missing_branches": 0}, "missing_lines": [235, 236], "excluded_lines": [], "executed_branches": [[72, 73], [72, 75], [88, 89], [88, 92], [98, 99], [98, 102], [218, 219], [218, 226], [226, 228], [226, 230], [230, 232], [230, 238], [242, 243], [242, 245], [245, 246], [245, 250], [250, 251], [250, 256]], "missing_branches": [], "functions": {"EvaluateJsCommand.execute": {"executed_lines": [57, 58, 61, 64, 72, 73, 75, 76, 79, 80, 81, 84, 87, 88, 89, 92, 98, 99, 100, 102, 104, 105, 107, 108, 109], "summary": {"covered_lines": 25, "num_statements": 25, "percent_covered": 100.0, "percent_covered_display": "100", "missing_lines": 0, "excluded_lines": 0, "num_branches": 6, "num_partial_branches": 0, "covered_branches": 6, "missing_branches": 0}, "missing_lines": [], "excluded_lines": [], "executed_branches": [[72, 73], [72, 75], [88, 89], [88, 92], [98, 99], [98, 102]], "missing_branches": []}, "EvaluateJsCommand._wrap_user_code": {"executed_lines": [120, 122], "summary": {"covered_lines": 2, "num_statements": 2, "percent_covered": 100.0, "percent_covered_display": "100", "missing_lines": 0, "excluded_lines": 0, "num_branches": 0, "num_partial_branches": 0, "covered_branches": 0, "missing_branches": 0}, "missing_lines": [], "excluded_lines": [], "executed_branches": [], "missing_branches": []}, "EvaluateJsCommand._get_console_capture": {"executed_lines": [197], "summary": {"covered_lines": 1, "num_statements": 1, "percent_covered": 100.0, "percent_covered_display": "100", "missing_lines": 0, "excluded_lines": 0, "num_branches": 0, "num_partial_branches": 0, "covered_branches": 0, "missing_branches": 0}, "missing_lines": [], "excluded_lines": [], "executed_branches": [], "missing_branches": []}, "EvaluateJsCommand._format_result": {"executed_lines": [218, 219, 226, 228, 230, 232, 234, 238], "summary": {"covered_lines": 8, "num_statements": 10, "percent_covered": 87.5, "percent_covered_display": "88", "missing_lines": 2, "excluded_lines": 0, "num_branches": 6, "num_partial_branches": 0, "covered_branches": 6, "missing_branches": 0}, "missing_lines": [235, 236], "excluded_lines": [], "executed_branches": [[218, 219], [218, 226], [226, 228], [226, 230], [230, 232], [230, 238]], "missing_branches": []}, "EvaluateJsCommand._limit_object_depth": {"executed_lines": [242, 243, 245, 246, 250, 251, 256], "summary": {"covered_lines": 7, "num_statements": 7, "percent_covered": 100.0, "percent_covered_display": "100", "missing_lines": 0, "excluded_lines": 0, "num_branches": 6, "num_partial_branches": 0, "covered_branches": 6, "missing_branches": 0}, "missing_lines": [], "excluded_lines": [], "executed_branches": [[242, 243], [242, 245], [245, 246], [245, 250], [250, 251], [250, 256]], "missing_branches": []}, "EvaluateJsCommand._handle_exception": {"executed_lines": [260, 262], "summary": {"covered_lines": 2, "num_statements": 2, "percent_covered": 100.0, "percent_covered_display": "100", "missing_lines": 0, "excluded_lines": 0, "num_branches": 0, "num_partial_branches": 0, "covered_branches": 0, "missing_branches": 0}, "missing_lines": [], "excluded_lines": [], "executed_branches": [], "missing_branches": []}, "EvaluateJsCommand._save_large_result": {"executed_lines": [277, 279, 280, 290, 291, 292, 294, 296, 308, 309, 310], "summary": {"covered_lines": 11, "num_statements": 11, "percent_covered": 100.0, "percent_covered_display": "100", "missing_lines": 0, "excluded_lines": 0, "num_branches": 0, "num_partial_branches": 0, "covered_branches": 0, "missing_branches": 0}, "missing_lines": [], "excluded_lines": [], "executed_branches": [], "missing_branches": []}, "": {"executed_lines": [1, 2, 3, 4, 5, 6, 7, 9, 12, 13, 14, 16, 17, 31, 52, 54, 116, 195, 216, 240, 258, 275], "summary": {"covered_lines": 20, "num_statements": 20, "percent_covered": 100.0, "percent_covered_display": "100", "missing_lines": 0, "excluded_lines": 0, "num_branches": 0, "num_partial_branches": 0, "covered_branches": 0, "missing_branches": 0}, "missing_lines": [], "excluded_lines": [], "executed_branches": [], "missing_branches": []}}, "classes": {"EvaluateJsCommand": {"executed_lines": [57, 58, 61, 64, 72, 73, 75, 76, 79, 80, 81, 84, 87, 88, 89, 92, 98, 99, 100, 102, 104, 105, 107, 108, 109, 120, 122, 197, 218, 219, 226, 228, 230, 232, 234, 238, 242, 243, 245, 246, 250, 251, 256, 260, 262, 277, 279, 280, 290, 291, 292, 294, 296, 308, 309, 310], "summary": {"covered_lines": 56, "num_statements": 58, "percent_covered": 97.36842105263158, "percent_covered_display": "97", "missing_lines": 2, "excluded_lines": 0, "num_branches": 18, "num_partial_branches": 0, "covered_branches": 18, "missing_branches": 0}, "missing_lines": [235, 236], "excluded_lines": [], "executed_branches": [[72, 73], [72, 75], [88, 89], [88, 92], [98, 99], [98, 102], [218, 219], [218, 226], [226, 228], [226, 230], [230, 232], [230, 238], [242, 243], [242, 245], [245, 246], [245, 250], [250, 251], [250, 256]], "missing_branches": []}, "": {"executed_lines": [1, 2, 3, 4, 5, 6, 7, 9, 12, 13, 14, 16, 17, 31, 52, 54, 116, 195, 216, 240, 258, 275], "summary": {"covered_lines": 20, "num_statements": 20, "percent_covered": 100.0, "percent_covered_display": "100", "missing_lines": 0, "excluded_lines": 0, "num_branches": 0, "num_partial_branches": 0, "covered_branches": 0, "missing_branches": 0}, "missing_lines": [], "excluded_lines": [], "executed_branches": [], "missing_branches": []}}}, "commands/helpers.py": {"executed_lines": [1, 2, 3, 4, 7, 8, 9, 11, 12, 13, 21, 23, 24, 26, 117, 118, 119, 120, 127, 128, 129, 131, 132, 133, 142, 144, 146, 147, 148, 149, 151, 153, 246, 248, 312, 315, 316, 317, 318], "summary": {"covered_lines": 36, "num_statements": 36, "percent_covered": 97.61904761904762, "percent_covered_display": "98", "missing_lines": 0, "excluded_lines": 0, "num_branches": 6, "num_partial_branches": 1, "covered_branches": 5, "missing_branches": 1}, "missing_lines": [], "excluded_lines": [], "executed_branches": [[148, 149], [151, 153], [151, 246], [246, 248], [246, 312]], "missing_branches": [[148, 151]], "functions": {"DebugElementCommand.execute": {"executed_lines": [23, 24, 26, 117, 118, 119, 120], "summary": {"covered_lines": 7, "num_statements": 7, "percent_covered": 100.0, "percent_covered_display": "100", "missing_lines": 0, "excluded_lines": 0, "num_branches": 0, "num_partial_branches": 0, "covered_branches": 0, "missing_branches": 0}, "missing_lines": [], "excluded_lines": [], "executed_branches": [], "missing_branches": []}, "ForceClickCommand.execute": {"executed_lines": [146, 147, 148, 149, 151, 153, 246, 248, 312, 315, 316, 317, 318], "summary": {"covered_lines": 13, "num_statements": 13, "percent_covered": 94.73684210526316, "percent_covered_display": "95", "missing_lines": 0, "excluded_lines": 0, "num_branches": 6, "num_partial_branches": 1, "covered_branches": 5, "missing_branches": 1}, "missing_lines": [], "excluded_lines": [], "executed_branches": [[148, 149], [151, 153], [151, 246], [246, 248], [246, 312]], "missing_branches": [[148, 151]]}, "": {"executed_lines": [1, 2, 3, 4, 7, 8, 9, 11, 12, 13, 21, 127, 128, 129, 131, 132, 133, 142, 144], "summary": {"covered_lines": 16, "num_statements": 16, "percent_covered": 100.0, "percent_covered_display": "100", "missing_lines": 0, "excluded_lines": 0, "num_branches": 0, "num_partial_branches": 0, "covered_branches": 0, "missing_branches": 0}, "missing_lines": [], "excluded_lines": [], "executed_branches": [], "missing_branches": []}}, "classes": {"DebugElementCommand": {"executed_lines": [23, 24, 26, 117, 118, 119, 120], "summary": {"covered_lines": 7, "num_statements": 7, "percent_covered": 100.0, "percent_covered_display": "100", "missing_lines": 0, "excluded_lines": 0, "num_branches": 0, "num_partial_branches": 0, "covered_branches": 0, "missing_branches": 0}, "missing_lines": [], "excluded_lines": [], "executed_branches": [], "missing_branches": []}, "ForceClickCommand": {"executed_lines": [146, 147, 148, 149, 151, 153, 246, 248, 312, 315, 316, 317, 318], "summary": {"covered_lines": 13, "num_statements": 13, "percent_covered": 94.73684210526316, "percent_covered_display": "95", "missing_lines": 0, "excluded_lines": 0, "num_branches": 6, "num_partial_branches": 1, "covered_branches": 5, "missing_branches": 1}, "missing_lines": [], "excluded_lines": [], "executed_branches": [[148, 149], [151, 153], [151, 246], [246, 248], [246, 312]], "missing_branches": [[148, 151]]}, "": {"executed_lines": [1, 2, 3, 4, 7, 8, 9, 11, 12, 13, 21, 127, 128, 129, 131, 132, 133, 142, 144], "summary": {"covered_lines": 16, "num_statements": 16, "percent_covered": 100.0, "percent_covered_display": "100", "missing_lines": 0, "excluded_lines": 0, "num_branches": 0, "num_partial_branches": 0, "covered_branches": 0, "missing_branches": 0}, "missing_lines": [], "excluded_lines": [], "executed_branches": [], "missing_branches": []}}}, "commands/interaction.py": {"executed_lines": [1, 2, 3, 4, 5, 6, 7, 8, 10, 13, 14, 15, 17, 18, 19, 27, 29, 31, 33, 36, 37, 38, 40, 42, 204, 205, 208, 209, 210, 211, 213, 215, 216, 217, 223, 224, 227, 228, 229, 231, 232, 236, 246, 248, 250, 252, 255, 256, 257, 259, 262, 263, 265, 266, 269, 276, 512, 513, 516, 517, 519, 521, 522, 523, 528, 529, 532, 533, 534, 536, 537, 538, 549, 553, 555, 556, 559, 560, 563, 564, 567, 568, 583, 584, 585, 586, 587, 589, 609, 610, 612, 621, 622, 623, 625, 644, 645, 647, 648, 650, 658, 659, 662, 663, 664, 666, 667, 668, 678, 680, 683, 685, 686, 689, 690, 693, 695, 696, 730, 731, 746, 749, 750, 751, 752], "summary": {"covered_lines": 120, "num_statements": 120, "percent_covered": 98.71794871794872, "percent_covered_display": "99", "missing_lines": 0, "excluded_lines": 0, "num_branches": 36, "num_partial_branches": 2, "covered_branches": 34, "missing_branches": 2}, "missing_lines": [], "excluded_lines": [], "executed_branches": [[37, 38], [208, 209], [208, 213], [256, 257], [265, 266], [265, 269], [516, 517], [516, 519], [555, 556], [555, 559], [559, 560], [559, 563], [563, 564], [563, 567], [567, 568], [567, 583], [583, 584], [583, 609], [584, 585], [584, 586], [609, 610], [609, 612], [622, 623], [622, 625], [647, 648], [647, 650], [685, 686], [685, 689], [689, 690], [689, 693], [695, 696], [695, 730], [730, 731], [730, 746]], "missing_branches": [[37, 40], [256, 259]], "functions": {"ClickCommand.execute": {"executed_lines": [31, 33, 36, 37, 38, 40, 42, 204, 205, 208, 209, 210, 211, 213, 215, 216, 217, 223, 224], "summary": {"covered_lines": 19, "num_statements": 19, "percent_covered": 95.65217391304348, "percent_covered_display": "96", "missing_lines": 0, "excluded_lines": 0, "num_branches": 4, "num_partial_branches": 1, "covered_branches": 3, "missing_branches": 1}, "missing_lines": [], "excluded_lines": [], "executed_branches": [[37, 38], [208, 209], [208, 213]], "missing_branches": [[37, 40]]}, "ClickByTextCommand.execute": {"executed_lines": [250, 252, 255, 256, 257, 259, 262, 263, 265, 266, 269, 276, 512, 513, 516, 517, 519, 521, 522, 523, 528, 529], "summary": {"covered_lines": 22, "num_statements": 22, "percent_covered": 96.42857142857143, "percent_covered_display": "96", "missing_lines": 0, "excluded_lines": 0, "num_branches": 6, "num_partial_branches": 1, "covered_branches": 5, "missing_branches": 1}, "missing_lines": [], "excluded_lines": [], "executed_branches": [[256, 257], [265, 266], [265, 269], [516, 517], [516, 519]], "missing_branches": [[256, 259]]}, "ScrollPageCommand.execute": {"executed_lines": [553, 555, 556, 559, 560, 563, 564, 567, 568, 583, 584, 585, 586, 587, 589, 609, 610, 612, 621, 622, 623, 625, 644, 645, 647, 648, 650, 658, 659], "summary": {"covered_lines": 29, "num_statements": 29, "percent_covered": 100.0, "percent_covered_display": "100", "missing_lines": 0, "excluded_lines": 0, "num_branches": 18, "num_partial_branches": 0, "covered_branches": 18, "missing_branches": 0}, "missing_lines": [], "excluded_lines": [], "executed_branches": [[555, 556], [555, 559], [559, 560], [559, 563], [563, 564], [563, 567], [567, 568], [567, 583], [583, 584], [583, 609], [584, 585], [584, 586], [609, 610], [609, 612], [622, 623], [622, 625], [647, 648], [647, 650]], "missing_branches": []}, "MoveCursorCommand.execute": {"executed_lines": [683, 685, 686, 689, 690, 693, 695, 696, 730, 731, 746, 749, 750, 751, 752], "summary": {"covered_lines": 15, "num_statements": 15, "percent_covered": 100.0, "percent_covered_display": "100", "missing_lines": 0, "excluded_lines": 0, "num_branches": 8, "num_partial_branches": 0, "covered_branches": 8, "missing_branches": 0}, "missing_lines": [], "excluded_lines": [], "executed_branches": [[685, 686], [685, 689], [689, 690], [689, 693], [695, 696], [695, 730], [730, 731], [730, 746]], "missing_branches": []}, "": {"executed_lines": [1, 2, 3, 4, 5, 6, 7, 8, 10, 13, 14, 15, 17, 18, 19, 27, 29, 227, 228, 229, 231, 232, 236, 246, 248, 532, 533, 534, 536, 537, 538, 549, 662, 663, 664, 666, 667, 668, 678, 680], "summary": {"covered_lines": 35, "num_statements": 35, "percent_covered": 100.0, "percent_covered_display": "100", "missing_lines": 0, "excluded_lines": 0, "num_branches": 0, "num_partial_branches": 0, "covered_branches": 0, "missing_branches": 0}, "missing_lines": [], "excluded_lines": [], "executed_branches": [], "missing_branches": []}}, "classes": {"ClickCommand": {"executed_lines": [31, 33, 36, 37, 38, 40, 42, 204, 205, 208, 209, 210, 211, 213, 215, 216, 217, 223, 224], "summary": {"covered_lines": 19, "num_statements": 19, "percent_covered": 95.65217391304348, "percent_covered_display": "96", "missing_lines": 0, "excluded_lines": 0, "num_branches": 4, "num_partial_branches": 1, "covered_branches": 3, "missing_branches": 1}, "missing_lines": [], "excluded_lines": [], "executed_branches": [[37, 38], [208, 209], [208, 213]], "missing_branches": [[37, 40]]}, "ClickByTextCommand": {"executed_lines": [250, 252, 255, 256, 257, 259, 262, 263, 265, 266, 269, 276, 512, 513, 516, 517, 519, 521, 522, 523, 528, 529], "summary": {"covered_lines": 22, "num_statements": 22, "percent_covered": 96.42857142857143, "percent_covered_display": "96", "missing_lines": 0, "excluded_lines": 0, "num_branches": 6, "num_partial_branches": 1, "covered_branches": 5, "missing_branches": 1}, "missing_lines": [], "excluded_lines": [], "executed_branches": [[256, 257], [265, 266], [265, 269], [516, 517], [516, 519]], "missing_branches": [[256, 259]]}, "ScrollPageCommand": {"executed_lines": [553, 555, 556, 559, 560, 563, 564, 567, 568, 583, 584, 585, 586, 587, 589, 609, 610, 612, 621, 622, 623, 625, 644, 645, 647, 648, 650, 658, 659], "summary": {"covered_lines": 29, "num_statements": 29, "percent_covered": 100.0, "percent_covered_display": "100", "missing_lines": 0, "excluded_lines": 0, "num_branches": 18, "num_partial_branches": 0, "covered_branches": 18, "missing_branches": 0}, "missing_lines": [], "excluded_lines": [], "executed_branches": [[555, 556], [555, 559], [559, 560], [559, 563], [563, 564], [563, 567], [567, 568], [567, 583], [583, 584], [583, 609], [584, 585], [584, 586], [609, 610], [609, 612], [622, 623], [622, 625], [647, 648], [647, 650]], "missing_branches": []}, "MoveCursorCommand": {"executed_lines": [683, 685, 686, 689, 690, 693, 695, 696, 730, 731, 746, 749, 750, 751, 752], "summary": {"covered_lines": 15, "num_statements": 15, "percent_covered": 100.0, "percent_covered_display": "100", "missing_lines": 0, "excluded_lines": 0, "num_branches": 8, "num_partial_branches": 0, "covered_branches": 8, "missing_branches": 0}, "missing_lines": [], "excluded_lines": [], "executed_branches": [[685, 686], [685, 689], [689, 690], [689, 693], [695, 696], [695, 730], [730, 731], [730, 746]], "missing_branches": []}, "": {"executed_lines": [1, 2, 3, 4, 5, 6, 7, 8, 10, 13, 14, 15, 17, 18, 19, 27, 29, 227, 228, 229, 231, 232, 236, 246, 248, 532, 533, 534, 536, 537, 538, 549, 662, 663, 664, 666, 667, 668, 678, 680], "summary": {"covered_lines": 35, "num_statements": 35, "percent_covered": 100.0, "percent_covered_display": "100", "missing_lines": 0, "excluded_lines": 0, "num_branches": 0, "num_partial_branches": 0, "covered_branches": 0, "missing_branches": 0}, "missing_lines": [], "excluded_lines": [], "executed_branches": [], "missing_branches": []}}}, "commands/navigation.py": {"executed_lines": [1, 2, 3, 4, 5, 6, 7, 16, 17, 18, 20, 21, 22, 30, 31, 33, 36, 37, 38, 44, 45, 46, 47, 48, 49, 52, 55, 56, 57, 58, 59, 61, 63, 66, 67, 68, 70, 71, 72, 80, 82, 85, 86, 92, 94, 96, 97, 100, 107, 108, 110, 111, 112, 113, 114], "summary": {"covered_lines": 52, "num_statements": 52, "percent_covered": 100.0, "percent_covered_display": "100", "missing_lines": 0, "excluded_lines": 0, "num_branches": 8, "num_partial_branches": 0, "covered_branches": 8, "missing_branches": 0}, "missing_lines": [], "excluded_lines": [], "executed_branches": [[37, 38], [37, 44], [56, 57], [56, 63], [85, 86], [85, 92], [96, 97], [96, 100]], "missing_branches": [], "functions": {"OpenUrlCommand.execute": {"executed_lines": [36, 37, 38, 44, 45, 46, 47, 48, 49, 52, 55, 56, 57, 58, 59, 61, 63], "summary": {"covered_lines": 17, "num_statements": 17, "percent_covered": 100.0, "percent_covered_display": "100", "missing_lines": 0, "excluded_lines": 0, "num_branches": 4, "num_partial_branches": 0, "covered_branches": 4, "missing_branches": 0}, "missing_lines": [], "excluded_lines": [], "executed_branches": [[37, 38], [37, 44], [56, 57], [56, 63]], "missing_branches": []}, "GetTextCommand.execute": {"executed_lines": [85, 86, 92, 94, 96, 97, 100, 107, 108, 110, 111, 112, 113, 114], "summary": {"covered_lines": 14, "num_statements": 14, "percent_covered": 100.0, "percent_covered_display": "100", "missing_lines": 0, "excluded_lines": 0, "num_branches": 4, "num_partial_branches": 0, "covered_branches": 4, "missing_branches": 0}, "missing_lines": [], "excluded_lines": [], "executed_branches": [[85, 86], [85, 92], [96, 97], [96, 100]], "missing_branches": []}, "": {"executed_lines": [1, 2, 3, 4, 5, 6, 7, 16, 17, 18, 20, 21, 22, 30, 31, 33, 66, 67, 68, 70, 71, 72, 80, 82], "summary": {"covered_lines": 21, "num_statements": 21, "percent_covered": 100.0, "percent_covered_display": "100", "missing_lines": 0, "excluded_lines": 0, "num_branches": 0, "num_partial_branches": 0, "covered_branches": 0, "missing_branches": 0}, "missing_lines": [], "excluded_lines": [], "executed_branches": [], "missing_branches": []}}, "classes": {"OpenUrlCommand": {"executed_lines": [36, 37, 38, 44, 45, 46, 47, 48, 49, 52, 55, 56, 57, 58, 59, 61, 63], "summary": {"covered_lines": 17, "num_statements": 17, "percent_covered": 100.0, "percent_covered_display": "100", "missing_lines": 0, "excluded_lines": 0, "num_branches": 4, "num_partial_branches": 0, "covered_branches": 4, "missing_branches": 0}, "missing_lines": [], "excluded_lines": [], "executed_branches": [[37, 38], [37, 44], [56, 57], [56, 63]], "missing_branches": []}, "GetTextCommand": {"executed_lines": [85, 86, 92, 94, 96, 97, 100, 107, 108, 110, 111, 112, 113, 114], "summary": {"covered_lines": 14, "num_statements": 14, "percent_covered": 100.0, "percent_covered_display": "100", "missing_lines": 0, "excluded_lines": 0, "num_branches": 4, "num_partial_branches": 0, "covered_branches": 4, "missing_branches": 0}, "missing_lines": [], "excluded_lines": [], "executed_branches": [[85, 86], [85, 92], [96, 97], [96, 100]], "missing_branches": []}, "": {"executed_lines": [1, 2, 3, 4, 5, 6, 7, 16, 17, 18, 20, 21, 22, 30, 31, 33, 66, 67, 68, 70, 71, 72, 80, 82], "summary": {"covered_lines": 21, "num_statements": 21, "percent_covered": 100.0, "percent_covered_display": "100", "missing_lines": 0, "excluded_lines": 0, "num_branches": 0, "num_partial_branches": 0, "covered_branches": 0, "missing_branches": 0}, "missing_lines": [], "excluded_lines": [], "executed_branches": [], "missing_branches": []}}}, "commands/open_devtools_url.py": {"executed_lines": [1, 2, 3, 4, 5, 8, 9, 10, 12, 13, 14, 19, 21], "summary": {"covered_lines": 11, "num_statements": 41, "percent_covered": 20.754716981132077, "percent_covered_display": "21", "missing_lines": 30, "excluded_lines": 0, "num_branches": 12, "num_partial_branches": 0, "covered_branches": 0, "missing_branches": 12}, "missing_lines": [23, 24, 25, 28, 29, 32, 33, 34, 35, 36, 37, 38, 39, 41, 44, 45, 47, 48, 54, 56, 58, 59, 66, 67, 69, 70, 73, 75, 83, 84], "excluded_lines": [], "executed_branches": [], "missing_branches": [[28, 29], [28, 32], [34, 35], [34, 41], [35, 34], [35, 36], [47, 48], [47, 54], [58, 59], [58, 66], [66, 67], [66, 73]], "functions": {"OpenDevToolsUrlCommand.execute": {"executed_lines": [], "summary": {"covered_lines": 0, "num_statements": 30, "percent_covered": 0.0, "percent_covered_display": "0", "missing_lines": 30, "excluded_lines": 0, "num_branches": 12, "num_partial_branches": 0, "covered_branches": 0, "missing_branches": 12}, "missing_lines": [23, 24, 25, 28, 29, 32, 33, 34, 35, 36, 37, 38, 39, 41, 44, 45, 47, 48, 54, 56, 58, 59, 66, 67, 69, 70, 73, 75, 83, 84], "excluded_lines": [], "executed_branches": [], "missing_branches": [[28, 29], [28, 32], [34, 35], [34, 41], [35, 34], [35, 36], [47, 48], [47, 54], [58, 59], [58, 66], [66, 67], [66, 73]]}, "": {"executed_lines": [1, 2, 3, 4, 5, 8, 9, 10, 12, 13, 14, 19, 21], "summary": {"covered_lines": 11, "num_statements": 11, "percent_covered": 100.0, "percent_covered_display": "100", "missing_lines": 0, "excluded_lines": 0, "num_branches": 0, "num_partial_branches": 0, "covered_branches": 0, "missing_branches": 0}, "missing_lines": [], "excluded_lines": [], "executed_branches": [], "missing_branches": []}}, "classes": {"OpenDevToolsUrlCommand": {"executed_lines": [], "summary": {"covered_lines": 0, "num_statements": 30, "percent_covered": 0.0, "percent_covered_display": "0", "missing_lines": 30, "excluded_lines": 0, "num_branches": 12, "num_partial_branches": 0, "covered_branches": 0, "missing_branches": 12}, "missing_lines": [23, 24, 25, 28, 29, 32, 33, 34, 35, 36, 37, 38, 39, 41, 44, 45, 47, 48, 54, 56, 58, 59, 66, 67, 69, 70, 73, 75, 83, 84], "excluded_lines": [], "executed_branches": [], "missing_branches": [[28, 29], [28, 32], [34, 35], [34, 41], [35, 34], [35, 36], [47, 48], [47, 54], [58, 59], [58, 66], [66, 67], [66, 73]]}, "": {"executed_lines": [1, 2, 3, 4, 5, 8, 9, 10, 12, 13, 14, 19, 21], "summary": {"covered_lines": 11, "num_statements": 11, "percent_covered": 100.0, "percent_covered_display": "100", "missing_lines": 0, "excluded_lines": 0, "num_branches": 0, "num_partial_branches": 0, "covered_branches": 0, "missing_branches": 0}, "missing_lines": [], "excluded_lines": [], "executed_branches": [], "missing_branches": []}}}, "commands/page_snapshot.py": {"executed_lines": [1, 2, 3, 4, 7, 8, 9, 11, 12, 16, 24, 26, 29], "summary": {"covered_lines": 11, "num_statements": 11, "percent_covered": 100.0, "percent_covered_display": "100", "missing_lines": 0, "excluded_lines": 0, "num_branches": 0, "num_partial_branches": 0, "covered_branches": 0, "missing_branches": 0}, "missing_lines": [], "excluded_lines": [], "executed_branches": [], "missing_branches": [], "functions": {"PageSnapshotCommand.execute": {"executed_lines": [26, 29], "summary": {"covered_lines": 2, "num_statements": 2, "percent_covered": 100.0, "percent_covered_display": "100", "missing_lines": 0, "excluded_lines": 0, "num_branches": 0, "num_partial_branches": 0, "covered_branches": 0, "missing_branches": 0}, "missing_lines": [], "excluded_lines": [], "executed_branches": [], "missing_branches": []}, "": {"executed_lines": [1, 2, 3, 4, 7, 8, 9, 11, 12, 16, 24], "summary": {"covered_lines": 9, "num_statements": 9, "percent_covered": 100.0, "percent_covered_display": "100", "missing_lines": 0, "excluded_lines": 0, "num_branches": 0, "num_partial_branches": 0, "covered_branches": 0, "missing_branches": 0}, "missing_lines": [], "excluded_lines": [], "executed_branches": [], "missing_branches": []}}, "classes": {"PageSnapshotCommand": {"executed_lines": [26, 29], "summary": {"covered_lines": 2, "num_statements": 2, "percent_covered": 100.0, "percent_covered_display": "100", "missing_lines": 0, "excluded_lines": 0, "num_branches": 0, "num_partial_branches": 0, "covered_branches": 0, "missing_branches": 0}, "missing_lines": [], "excluded_lines": [], "executed_branches": [], "missing_branches": []}, "": {"executed_lines": [1, 2, 3, 4, 7, 8, 9, 11, 12, 16, 24], "summary": {"covered_lines": 9, "num_statements": 9, "percent_covered": 100.0, "percent_covered_display": "100", "missing_lines": 0, "excluded_lines": 0, "num_branches": 0, "num_partial_branches": 0, "covered_branches": 0, "missing_branches": 0}, "missing_lines": [], "excluded_lines": [], "executed_branches": [], "missing_branches": []}}}, "commands/registry.py": {"executed_lines": [1, 8, 9, 10, 11, 13, 16, 17, 24, 26, 27, 43, 44, 46, 47, 50, 51, 53, 55, 56, 69, 70, 71, 73, 74, 81, 83, 84, 94, 96, 99, 104, 105, 106, 107, 110, 111, 112, 113, 114, 118, 124, 125, 132], "summary": {"covered_lines": 42, "num_statements": 52, "percent_covered": 80.3030303030303, "percent_covered_display": "80", "missing_lines": 10, "excluded_lines": 0, "num_branches": 14, "num_partial_branches": 3, "covered_branches": 11, "missing_branches": 3}, "missing_lines": [48, 100, 101, 115, 116, 120, 121, 122, 127, 128], "excluded_lines": [], "executed_branches": [[43, 44], [43, 46], [47, 50], [69, 70], [69, 71], [99, 104], [105, 106], [105, 110], [106, 107], [111, 112], [111, 118]], "missing_branches": [[47, 48], [99, 100], [106, 105]], "functions": {"CommandRegistry.register": {"executed_lines": [43, 44, 46, 47, 50, 51, 53], "summary": {"covered_lines": 7, "num_statements": 8, "percent_covered": 83.33333333333333, "percent_covered_display": "83", "missing_lines": 1, "excluded_lines": 0, "num_branches": 4, "num_partial_branches": 1, "covered_branches": 3, "missing_branches": 1}, "missing_lines": [48], "excluded_lines": [], "executed_branches": [[43, 44], [43, 46], [47, 50]], "missing_branches": [[47, 48]]}, "CommandRegistry.get_command": {"executed_lines": [69, 70, 71], "summary": {"covered_lines": 3, "num_statements": 3, "percent_covered": 100.0, "percent_covered_display": "100", "missing_lines": 0, "excluded_lines": 0, "num_branches": 2, "num_partial_branches": 0, "covered_branches": 2, "missing_branches": 0}, "missing_lines": [], "excluded_lines": [], "executed_branches": [[69, 70], [69, 71]], "missing_branches": []}, "CommandRegistry.get_all_commands": {"executed_lines": [81], "summary": {"covered_lines": 1, "num_statements": 1, "percent_covered": 100.0, "percent_covered_display": "100", "missing_lines": 0, "excluded_lines": 0, "num_branches": 0, "num_partial_branches": 0, "covered_branches": 0, "missing_branches": 0}, "missing_lines": [], "excluded_lines": [], "executed_branches": [], "missing_branches": []}, "CommandRegistry.discover_commands": {"executed_lines": [94, 96, 99, 104, 105, 106, 107, 110, 111, 112, 113, 114, 118], "summary": {"covered_lines": 13, "num_statements": 20, "percent_covered": 67.85714285714286, "percent_covered_display": "68", "missing_lines": 7, "excluded_lines": 0, "num_branches": 8, "num_partial_branches": 2, "covered_branches": 6, "missing_branches": 2}, "missing_lines": [100, 101, 115, 116, 120, 121, 122], "excluded_lines": [], "executed_branches": [[99, 104], [105, 106], [105, 110], [106, 107], [111, 112], [111, 118]], "missing_branches": [[99, 100], [106, 105]]}, "CommandRegistry.clear": {"executed_lines": [], "summary": {"covered_lines": 0, "num_statements": 2, "percent_covered": 0.0, "percent_covered_display": "0", "missing_lines": 2, "excluded_lines": 0, "num_branches": 0, "num_partial_branches": 0, "covered_branches": 0, "missing_branches": 0}, "missing_lines": [127, 128], "excluded_lines": [], "executed_branches": [], "missing_branches": []}, "": {"executed_lines": [1, 8, 9, 10, 11, 13, 16, 17, 24, 26, 27, 55, 56, 73, 74, 83, 84, 124, 125, 132], "summary": {"covered_lines": 18, "num_statements": 18, "percent_covered": 100.0, "percent_covered_display": "100", "missing_lines": 0, "excluded_lines": 0, "num_branches": 0, "num_partial_branches": 0, "covered_branches": 0, "missing_branches": 0}, "missing_lines": [], "excluded_lines": [], "executed_branches": [], "missing_branches": []}}, "classes": {"CommandRegistry": {"executed_lines": [43, 44, 46, 47, 50, 51, 53, 69, 70, 71, 81, 94, 96, 99, 104, 105, 106, 107, 110, 111, 112, 113, 114, 118], "summary": {"covered_lines": 24, "num_statements": 34, "percent_covered": 72.91666666666667, "percent_covered_display": "73", "missing_lines": 10, "excluded_lines": 0, "num_branches": 14, "num_partial_branches": 3, "covered_branches": 11, "missing_branches": 3}, "missing_lines": [48, 100, 101, 115, 116, 120, 121, 122, 127, 128], "excluded_lines": [], "executed_branches": [[43, 44], [43, 46], [47, 50], [69, 70], [69, 71], [99, 104], [105, 106], [105, 110], [106, 107], [111, 112], [111, 118]], "missing_branches": [[47, 48], [99, 100], [106, 105]]}, "": {"executed_lines": [1, 8, 9, 10, 11, 13, 16, 17, 24, 26, 27, 55, 56, 73, 74, 83, 84, 124, 125, 132], "summary": {"covered_lines": 18, "num_statements": 18, "percent_covered": 100.0, "percent_covered_display": "100", "missing_lines": 0, "excluded_lines": 0, "num_branches": 0, "num_partial_branches": 0, "covered_branches": 0, "missing_branches": 0}, "missing_lines": [], "excluded_lines": [], "executed_branches": [], "missing_branches": []}}}, "commands/save_page_info.py": {"executed_lines": [1, 2, 3, 4, 5, 6, 7, 10, 11, 12, 14, 15, 20, 36, 38, 39, 105, 106, 109, 112, 113, 114, 117, 118, 120, 129, 130], "summary": {"covered_lines": 25, "num_statements": 25, "percent_covered": 100.0, "percent_covered_display": "100", "missing_lines": 0, "excluded_lines": 0, "num_branches": 0, "num_partial_branches": 0, "covered_branches": 0, "missing_branches": 0}, "missing_lines": [], "excluded_lines": [], "executed_branches": [], "missing_branches": [], "functions": {"SavePageInfoCommand.execute": {"executed_lines": [38, 39, 105, 106, 109, 112, 113, 114, 117, 118, 120, 129, 130], "summary": {"covered_lines": 13, "num_statements": 13, "percent_covered": 100.0, "percent_covered_display": "100", "missing_lines": 0, "excluded_lines": 0, "num_branches": 0, "num_partial_branches": 0, "covered_branches": 0, "missing_branches": 0}, "missing_lines": [], "excluded_lines": [], "executed_branches": [], "missing_branches": []}, "": {"executed_lines": [1, 2, 3, 4, 5, 6, 7, 10, 11, 12, 14, 15, 20, 36], "summary": {"covered_lines": 12, "num_statements": 12, "percent_covered": 100.0, "percent_covered_display": "100", "missing_lines": 0, "excluded_lines": 0, "num_branches": 0, "num_partial_branches": 0, "covered_branches": 0, "missing_branches": 0}, "missing_lines": [], "excluded_lines": [], "executed_branches": [], "missing_branches": []}}, "classes": {"SavePageInfoCommand": {"executed_lines": [38, 39, 105, 106, 109, 112, 113, 114, 117, 118, 120, 129, 130], "summary": {"covered_lines": 13, "num_statements": 13, "percent_covered": 100.0, "percent_covered_display": "100", "missing_lines": 0, "excluded_lines": 0, "num_branches": 0, "num_partial_branches": 0, "covered_branches": 0, "missing_branches": 0}, "missing_lines": [], "excluded_lines": [], "executed_branches": [], "missing_branches": []}, "": {"executed_lines": [1, 2, 3, 4, 5, 6, 7, 10, 11, 12, 14, 15, 20, 36], "summary": {"covered_lines": 12, "num_statements": 12, "percent_covered": 100.0, "percent_covered_display": "100", "missing_lines": 0, "excluded_lines": 0, "num_branches": 0, "num_partial_branches": 0, "covered_branches": 0, "missing_branches": 0}, "missing_lines": [], "excluded_lines": [], "executed_branches": [], "missing_branches": []}}}, "commands/screenshot.py": {"executed_lines": [1, 2, 3, 4, 5, 6, 7,
[...]
ed_display": "100", "missing_lines": 0, "excluded_lines": 0, "num_branches": 0, "num_partial_branches": 0, "covered_branches": 0, "missing_branches": 0}, "missing_lines": [], "excluded_lines": [], "executed_branches": [], "missing_branches": [], "functions": {"": {"executed_lines": [], "summary": {"covered_lines": 0, "num_statements": 0, "percent_covered": 100.0, "percent_covered_display": "100", "missing_lines": 0, "excluded_lines": 0, "num_branches": 0, "num_partial_branches": 0, "covered_branches": 0, "missing_branches": 0}, "missing_lines": [], "excluded_lines": [], "executed_branches": [], "missing_branches": []}}, "classes": {"": {"executed_lines": [], "summary": {"covered_lines": 0, "num_statements": 0, "percent_covered": 100.0, "percent_covered_display": "100", "missing_lines": 0, "excluded_lines": 0, "num_branches": 0, "num_partial_branches": 0, "covered_branches": 0, "missing_branches": 0}, "missing_lines": [], "excluded_lines": [], "executed_branches": [], "missing_branches": []}}}, "utils/json_optimizer.py": {"executed_lines": [1, 2, 3, 6, 7, 9, 10, 22, 23, 25, 26, 28, 38, 40, 41, 43, 44, 49, 50, 52, 58, 59, 68, 69, 72, 75, 78, 81, 84, 85, 87, 89, 90, 92, 95, 96, 99, 100, 101, 104, 105, 106, 109, 110, 112, 116, 117, 120, 121, 122, 128, 129, 130, 132, 134, 135, 137, 138, 140, 142, 143, 144, 146, 148, 150, 151, 152, 154, 156, 157, 167, 168, 169, 172, 173, 174, 175, 176, 179, 180, 183, 184, 185, 188, 189, 190, 193, 194, 197, 198, 200], "summary": {"covered_lines": 89, "num_statements": 89, "percent_covered": 99.2248062015504, "percent_covered_display": "99", "missing_lines": 0, "excluded_lines": 0, "num_branches": 40, "num_partial_branches": 1, "covered_branches": 39, "missing_branches": 1}, "missing_lines": [], "excluded_lines": [], "executed_branches": [[22, 23], [22, 25], [25, 26], [25, 28], [68, 69], [68, 72], [84, 85], [84, 87], [95, 96], [95, 99], [100, 101], [100, 104], [105, 106], [105, 109], [110, 112], [110, 120], [116, 117], [121, 122], [121, 128], [129, 130], [129, 132], [140, 142], [140, 154], [150, 140], [150, 151], [168, 169], [168, 200], [173, 174], [173, 179], [175, 176], [175, 179], [179, 180], [179, 183], [184, 185], [184, 188], [189, 190], [189, 193], [193, 194], [193, 197]], "missing_branches": [[116, 120]], "functions": {"JsonOptimizer.optimize_page_info": {"executed_lines": [22, 23, 25, 26, 28, 38], "summary": {"covered_lines": 6, "num_statements": 6, "percent_covered": 100.0, "percent_covered_display": "100", "missing_lines": 0, "excluded_lines": 0, "num_branches": 4, "num_partial_branches": 0, "covered_branches": 4, "missing_branches": 0}, "missing_lines": [], "excluded_lines": [], "executed_branches": [[22, 23], [22, 25], [25, 26], [25, 28]], "missing_branches": []}, "JsonOptimizer._optimize_console": {"executed_lines": [43, 44], "summary": {"covered_lines": 2, "num_statements": 2, "percent_covered": 100.0, "percent_covered_display": "100", "missing_lines": 0, "excluded_lines": 0, "num_branches": 0, "num_partial_branches": 0, "covered_branches": 0, "missing_branches": 0}, "missing_lines": [], "excluded_lines": [], "executed_branches": [], "missing_branches": []}, "JsonOptimizer._optimize_network": {"executed_lines": [52], "summary": {"covered_lines": 1, "num_statements": 1, "percent_covered": 100.0, "percent_covered_display": "100", "missing_lines": 0, "excluded_lines": 0, "num_branches": 0, "num_partial_branches": 0, "covered_branches": 0, "missing_branches": 0}, "missing_lines": [], "excluded_lines": [], "executed_branches": [], "missing_branches": []}, "JsonOptimizer._optimize_elements": {"executed_lines": [68, 69, 72, 75, 78, 81, 84, 85, 87], "summary": {"covered_lines": 9, "num_statements": 9, "percent_covered": 100.0, "percent_covered_display": "100", "missing_lines": 0, "excluded_lines": 0, "num_branches": 4, "num_partial_branches": 0, "covered_branches": 4, "missing_branches": 0}, "missing_lines": [], "excluded_lines": [], "executed_branches": [[68, 69], [68, 72], [84, 85], [84, 87]], "missing_branches": []}, "JsonOptimizer._clean_element": {"executed_lines": [92, 95, 96, 99, 100, 101, 104, 105, 106, 109, 110, 112, 116, 117, 120, 121, 122, 128, 129, 130, 132], "summary": {"covered_lines": 21, "num_statements": 21, "percent_covered": 97.14285714285714, "percent_covered_display": "97", "missing_lines": 0, "excluded_lines": 0, "num_branches": 14, "num_partial_branches": 1, "covered_branches": 13, "missing_branches": 1}, "missing_lines": [], "excluded_lines": [], "executed_branches": [[95, 96], [95, 99], [100, 101], [100, 104], [105, 106], [105, 109], [110, 112], [110, 120], [116, 117], [121, 122], [121, 128], [129, 130], [129, 132]], "missing_branches": [[116, 120]]}, "JsonOptimizer._deduplicate_elements": {"executed_lines": [137, 138, 140, 142, 143, 144, 146, 148, 150, 151, 152, 154], "summary": {"covered_lines": 12, "num_statements": 12, "percent_covered": 100.0, "percent_covered_display": "100", "missing_lines": 0, "excluded_lines": 0, "num_branches": 4, "num_partial_branches": 0, "covered_branches": 4, "missing_branches": 0}, "missing_lines": [], "excluded_lines": [], "executed_branches": [[140, 142], [140, 154], [150, 140], [150, 151]], "missing_branches": []}, "JsonOptimizer._score_elements": {"executed_lines": [167, 168, 169, 172, 173, 174, 175, 176, 179, 180, 183, 184, 185, 188, 189, 190, 193, 194, 197, 198, 200], "summary": {"covered_lines": 21, "num_statements": 21, "percent_covered": 100.0, "percent_covered_display": "100", "missing_lines": 0, "excluded_lines": 0, "num_branches": 14, "num_partial_branches": 0, "covered_branches": 14, "missing_branches": 0}, "missing_lines": [], "excluded_lines": [], "executed_branches": [[168, 169], [168, 200], [173, 174], [173, 179], [175, 176], [175, 179], [179, 180], [179, 183], [184, 185], [184, 188], [189, 190], [189, 193], [193, 194], [193, 197]], "missing_branches": []}, "": {"executed_lines": [1, 2, 3, 6, 7, 9, 10, 40, 41, 49, 50, 58, 59, 89, 90, 134, 135, 156, 157], "summary": {"covered_lines": 17, "num_statements": 17, "percent_covered": 100.0, "percent_covered_display": "100", "missing_lines": 0, "excluded_lines": 0, "num_branches": 0, "num_partial_branches": 0, "covered_branches": 0, "missing_branches": 0}, "missing_lines": [], "excluded_lines": [], "executed_branches": [], "missing_branches": []}}, "classes": {"JsonOptimizer": {"executed_lines": [22, 23, 25, 26, 28, 38, 43, 44, 52, 68, 69, 72, 75, 78, 81, 84, 85, 87, 92, 95, 96, 99, 100, 101, 104, 105, 106, 109, 110, 112, 116, 117, 120, 121, 122, 128, 129, 130, 132, 137, 138, 140, 142, 143, 144, 146, 148, 150, 151, 152, 154, 167, 168, 169, 172, 173, 174, 175, 176, 179, 180, 183, 184, 185, 188, 189, 190, 193, 194, 197, 198, 200], "summary": {"covered_lines": 72, "num_statements": 72, "percent_covered": 99.10714285714286, "percent_covered_display": "99", "missing_lines": 0, "excluded_lines": 0, "num_branches": 40, "num_partial_branches": 1, "covered_branches": 39, "missing_branches": 1}, "missing_lines": [], "excluded_lines": [], "executed_branches": [[22, 23], [22, 25], [25, 26], [25, 28], [68, 69], [68, 72], [84, 85], [84, 87], [95, 96], [95, 99], [100, 101], [100, 104], [105, 106], [105, 109], [110, 112], [110, 120], [116, 117], [121, 122], [121, 128], [129, 130], [129, 132], [140, 142], [140, 154], [150, 140], [150, 151], [168, 169], [168, 200], [173, 174], [173, 179], [175, 176], [175, 179], [179, 180], [179, 183], [184, 185], [184, 188], [189, 190], [189, 193], [193, 194], [193, 197]], "missing_branches": [[116, 120]]}, "": {"executed_lines": [1, 2, 3, 6, 7, 9, 10, 40, 41, 49, 50, 58, 59, 89, 90, 134, 135, 156, 157], "summary": {"covered_lines": 17, "num_statements": 17, "percent_covered": 100.0, "percent_covered_display": "100", "missing_lines": 0, "excluded_lines": 0, "num_branches": 0, "num_partial_branches": 0, "covered_branches": 0, "missing_branches": 0}, "missing_lines": [], "excluded_lines": [], "executed_branches": [], "missing_branches": []}}}, "utils/page_scraper.py": {"executed_lines": [1, 5, 6, 7, 8, 11, 12, 15, 80, 81, 91, 95, 97, 98, 113, 116, 117, 120, 121, 123, 136, 137, 151, 152, 153, 154, 155], "summary": {"covered_lines": 25, "num_statements": 25, "percent_covered": 100.0, "percent_covered_display": "100", "missing_lines": 0, "excluded_lines": 0, "num_branches": 0, "num_partial_branches": 0, "covered_branches": 0, "missing_branches": 0}, "missing_lines": [], "excluded_lines": [], "executed_branches": [], "missing_branches": [], "functions": {"PageScraper.get_page_info": {"executed_lines": [91, 95], "summary": {"covered_lines": 2, "num_statements": 2, "percent_covered": 100.0, "percent_covered_display": "100", "missing_lines": 0, "excluded_lines": 0, "num_branches": 0, "num_partial_branches": 0, "covered_branches": 0, "missing_branches": 0}, "missing_lines": [], "excluded_lines": [], "executed_branches": [], "missing_branches": []}, "PageScraper.save_to_file": {"executed_lines": [113, 116, 117, 120, 121, 123], "summary": {"covered_lines": 6, "num_statements": 6, "percent_covered": 100.0, "percent_covered_display": "100", "missing_lines": 0, "excluded_lines": 0, "num_branches": 0, "num_partial_branches": 0, "covered_branches": 0, "missing_branches": 0}, "missing_lines": [], "excluded_lines": [], "executed_branches": [], "missing_branches": []}, "PageScraper.scrape_and_save": {"executed_lines": [151, 152, 153, 154, 155], "summary": {"covered_lines": 5, "num_statements": 5, "percent_covered": 100.0, "percent_covered_display": "100", "missing_lines": 0, "excluded_lines": 0, "num_branches": 0, "num_partial_branches": 0, "covered_branches": 0, "missing_branches": 0}, "missing_lines": [], "excluded_lines": [], "executed_branches": [], "missing_branches": []}, "": {"executed_lines": [1, 5, 6, 7, 8, 11, 12, 15, 80, 81, 97, 98, 136, 137], "summary": {"covered_lines": 12, "num_statements": 12, "percent_covered": 100.0, "percent_covered_display": "100", "missing_lines": 0, "excluded_lines": 0, "num_branches": 0, "num_partial_branches": 0, "covered_branches": 0, "missing_branches": 0}, "missing_lines": [], "excluded_lines": [], "executed_branches": [], "missing_branches": []}}, "classes": {"PageScraper": {"executed_lines": [91, 95, 113, 116, 117, 120, 121, 123, 151, 152, 153, 154, 155], "summary": {"covered_lines": 13, "num_statements": 13, "percent_covered": 100.0, "percent_covered_display": "100", "missing_lines": 0, "excluded_lines": 0, "num_branches": 0, "num_partial_branches": 0, "covered_branches": 0, "missing_branches": 0}, "missing_lines": [], "excluded_lines": [], "executed_branches": [], "missing_branches": []}, "": {"executed_lines": [1, 5, 6, 7, 8, 11, 12, 15, 80, 81, 97, 98, 136, 137], "summary": {"covered_lines": 12, "num_statements": 12, "percent_covered": 100.0, "percent_covered_display": "100", "missing_lines": 0, "excluded_lines": 0, "num_branches": 0, "num_partial_branches": 0, "covered_branches": 0, "missing_branches": 0}, "missing_lines": [], "excluded_lines": [], "executed_branches": [], "missing_branches": []}}}, "utils/validators.py": {"executed_lines": [1, 12, 13, 14, 15, 16, 19, 20, 23, 24, 25, 26, 28, 30, 31, 49, 50, 51, 52, 58, 59, 65, 66, 72, 74, 75, 93, 94, 96, 97, 99, 100, 102, 104, 105, 123, 124, 131, 132, 139, 140, 143, 144, 146, 147, 148, 149, 150, 151, 152, 154, 155, 162, 165, 172, 174, 175, 195, 196, 197, 198, 204, 205, 207, 208, 214, 215, 221, 223, 224, 242, 243, 249, 251, 252, 259, 260, 261, 266, 270, 276, 277, 278, 284, 286, 287, 307, 308, 314, 315, 323, 324, 330, 331, 333, 334, 340, 342, 343, 365, 366, 367, 368, 374, 375, 376, 377, 383, 384, 390, 391, 398, 400, 401, 421, 422, 428, 430, 431, 437, 438, 444], "summary": {"covered_lines": 120, "num_statements": 123, "percent_covered": 97.86096256684492, "percent_covered_display": "98", "missing_lines": 3, "excluded_lines": 0, "num_branches": 64, "num_partial_branches": 1, "covered_branches": 63, "missing_branches": 1}, "missing_lines": [166, 316, 317], "excluded_lines": [], "executed_branches": [[58, 59], [58, 65], [65, 66], [65, 72], [96, 97], [96, 99], [99, 100], [99, 102], [123, 124], [123, 131], [131, 132], [131, 139], [139, 140], [139, 143], [144, 146], [144, 154], [147, 148], [147, 151], [148, 147], [148, 149], [151, 144], [151, 152], [154, 155], [154, 162], [165, 172], [207, 208], [207, 214], [214, 215], [214, 221], [242, 243], [242, 249], [251, 252], [251, 259], [259, 260], [259, 270], [260, 261], [260, 266], [276, 277], [276, 284], [277, 276], [277, 278], [307, 308], [307, 314], [323, 324], [323, 330], [330, 331], [330, 333], [333, 334], [333, 340], [365, 366], [365, 374], [366, 367], [366, 368], [383, 384], [383, 390], [390, 391], [390, 398], [421, 422], [421, 428], [430, 431], [430, 437], [437, 438], [437, 444]], "missing_branches": [[165, 166]], "functions": {"Validators.validate_coordinate": {"executed_lines": [49, 50, 51, 52, 58, 59, 65, 66, 72], "summary": {"covered_lines": 9, "num_statements": 9, "percent_covered": 100.0, "percent_covered_display": "100", "missing_lines": 0, "excluded_lines": 0, "num_branches": 4, "num_partial_branches": 0, "covered_branches": 4, "missing_branches": 0}, "missing_lines": [], "excluded_lines": [], "executed_branches": [[58, 59], [58, 65], [65, 66], [65, 72]], "missing_branches": []}, "Validators.validate_coordinates": {"executed_lines": [93, 94, 96, 97, 99, 100, 102], "summary": {"covered_lines": 7, "num_statements": 7, "percent_covered": 100.0, "percent_covered_display": "100", "missing_lines": 0, "excluded_lines": 0, "num_branches": 4, "num_partial_branches": 0, "covered_branches": 4, "missing_branches": 0}, "missing_lines": [], "excluded_lines": [], "executed_branches": [[96, 97], [96, 99], [99, 100], [99, 102]], "missing_branches": []}, "Validators.validate_path": {"executed_lines": [123, 124, 131, 132, 139, 140, 143, 144, 146, 147, 148, 149, 150, 151, 152, 154, 155, 162, 165, 172], "summary": {"covered_lines": 20, "num_statements": 21, "percent_covered": 94.87179487179488, "percent_covered_display": "95", "missing_lines": 1, "excluded_lines": 0, "num_branches": 18, "num_partial_branches": 1, "covered_branches": 17, "missing_branches": 1}, "missing_lines": [166], "excluded_lines": [], "executed_branches": [[123, 124], [123, 131], [131, 132], [131, 139], [139, 140], [139, 143], [144, 146], [144, 154], [147, 148], [147, 151], [148, 147], [148, 149], [151, 144], [151, 152], [154, 155], [154, 162], [165, 172]], "missing_branches": [[165, 166]]}, "Validators.validate_timeout": {"executed_lines": [195, 196, 197, 198, 204, 205, 207, 208, 214, 215, 221], "summary": {"covered_lines": 11, "num_statements": 11, "percent_covered": 100.0, "percent_covered_display": "100", "missing_lines": 0, "excluded_lines": 0, "num_branches": 4, "num_partial_branches": 0, "covered_branches": 4, "missing_branches": 0}, "missing_lines": [], "excluded_lines": [], "executed_branches": [[207, 208], [207, 214], [214, 215], [214, 221]], "missing_branches": []}, "Validators.validate_selector": {"executed_lines": [242, 243, 249, 251, 252, 259, 260, 261, 266, 270, 276, 277, 278, 284], "summary": {"covered_lines": 14, "num_statements": 14, "percent_covered": 100.0, "percent_covered_display": "100", "missing_lines": 0, "excluded_lines": 0, "num_branches": 12, "num_partial_branches": 0, "covered_branches": 12, "missing_branches": 0}, "missing_lines": [], "excluded_lines": [], "executed_branches": [[242, 243], [242, 249], [251, 252], [251, 259], [259, 260], [259, 270], [260, 261], [260, 266], [276, 277], [276, 284], [277, 276], [277, 278]], "missing_branches": []}, "Validators.validate_url": {"executed_lines": [307, 308, 314, 315, 323, 324, 330, 331, 333, 334, 340], "summary": {"covered_lines": 11, "num_statements": 13, "percent_covered": 90.47619047619048, "percent_covered_display": "90", "missing_lines": 2, "excluded_lines": 0, "num_branches": 8, "num_partial_branches": 0, "covered_branches": 8, "missing_branches": 0}, "missing_lines": [316, 317], "excluded_lines": [], "executed_branches": [[307, 308], [307, 314], [323, 324], [323, 330], [330, 331], [330, 333], [333, 334], [333, 340]], "missing_branches": []}, "Validators.validate_range": {"executed_lines": [365, 366, 367, 368, 374, 375, 376, 377, 383, 384, 390, 391, 398], "summary": {"covered_lines": 13, "num_statements": 13, "percent_covered": 100.0, "percent_covered_display": "100", "missing_lines": 0, "excluded_lines": 0, "num_branches": 8, "num_partial_branches": 0, "covered_branches": 8, "missing_branches": 0}, "missing_lines": [], "excluded_lines": [], "executed_branches": [[365, 366], [365, 374], [366, 367], [366, 368], [383, 384], [383, 390], [390, 391], [390, 398]], "missing_branches": []}, "Validators.validate_string_length": {"executed_lines": [421, 422, 428, 430, 431, 437, 438, 444], "summary": {"covered_lines": 8, "num_statements": 8, "percent_covered": 100.0, "percent_covered_display": "100", "missing_lines": 0, "excluded_lines": 0, "num_branches": 6, "num_partial_branches": 0, "covered_branches": 6, "missing_branches": 0}, "missing_lines": [], "excluded_lines": [], "executed_branches": [[421, 422], [421, 428], [430, 431], [430, 437], [437, 438], [437, 444]], "missing_branches": []}, "": {"executed_lines": [1, 12, 13, 14, 15, 16, 19, 20, 23, 24, 25, 26, 28, 30, 31, 74, 75, 104, 105, 174, 175, 223, 224, 286, 287, 342, 343, 400, 401], "summary": {"covered_lines": 27, "num_statements": 27, "percent_covered": 100.0, "percent_covered_display": "100", "missing_lines": 0, "excluded_lines": 0, "num_branches": 0, "num_partial_branches": 0, "covered_branches": 0, "missing_branches": 0}, "missing_lines": [], "excluded_lines": [], "executed_branches": [], "missing_branches": []}}, "classes": {"Validators": {"executed_lines": [49, 50, 51, 52, 58, 59, 65, 66, 72, 93, 94, 96, 97, 99, 100, 102, 123, 124, 131, 132, 139, 140, 143, 144, 146, 147, 148, 149, 150, 151, 152, 154, 155, 162, 165, 172, 195, 196, 197, 198, 204, 205, 207, 208, 214, 215, 221, 242, 243, 249, 251, 252, 259, 260, 261, 266, 270, 276, 277, 278, 284, 307, 308, 314, 315, 323, 324, 330, 331, 333, 334, 340, 365, 366, 367, 368, 374, 375, 376, 377, 383, 384, 390, 391, 398, 421, 422, 428, 430, 431, 437, 438, 444], "summary": {"covered_lines": 93, "num_statements": 96, "percent_covered": 97.5, "percent_covered_display": "98", "missing_lines": 3, "excluded_lines": 0, "num_branches": 64, "num_partial_branches": 1, "covered_branches": 63, "missing_branches": 1}, "missing_lines": [166, 316, 317], "excluded_lines": [], "executed_branches": [[58, 59], [58, 65], [65, 66], [65, 72], [96, 97], [96, 99], [99, 100], [99, 102], [123, 124], [123, 131], [131, 132], [131, 139], [139, 140], [139, 143], [144, 146], [144, 154], [147, 148], [147, 151], [148, 147], [148, 149], [151, 144], [151, 152], [154, 155], [154, 162], [165, 172], [207, 208], [207, 214], [214, 215], [214, 221], [242, 243], [242, 249], [251, 252], [251, 259], [259, 260], [259, 270], [260, 261], [260, 266], [276, 277], [276, 284], [277, 276], [277, 278], [307, 308], [307, 314], [323, 324], [323, 330], [330, 331], [330, 333], [333, 334], [333, 340], [365, 366], [365, 374], [366, 367], [366, 368], [383, 384], [383, 390], [390, 391], [390, 398], [421, 422], [421, 428], [430, 431], [430, 437], [437, 438], [437, 444]], "missing_branches": [[165, 166]]}, "": {"executed_lines": [1, 12, 13, 14, 15, 16, 19, 20, 23, 24, 25, 26, 28, 30, 31, 74, 75, 104, 105, 174, 175, 223, 224, 286, 287, 342, 343, 400, 401], "summary": {"covered_lines": 27, "num_statements": 27, "percent_covered": 100.0, "percent_covered_display": "100", "missing_lines": 0, "excluded_lines": 0, "num_branches": 0, "num_partial_branches": 0, "covered_branches": 0, "missing_branches": 0}, "missing_lines": [], "excluded_lines": [], "executed_branches": [], "missing_branches": []}}}}, "totals": {"covered_lines": 1118, "num_statements": 1668, "percent_covered": 66.39185257032008, "percent_covered_display": "66", "missing_lines": 550, "excluded_lines": 10, "num_branches": 394, "num_partial_branches": 13, "covered_branches": 251, "missing_branches": 143}}